2021-03-07 10:11:28.242 INFO  WikiApplication                      :55   [32m                  [0;39m Starting WikiApplication using Java 1.8.0_221 on DESKTOP-DPKE250 with PID 1764 (E:\IntelliJ IDEA 2019.2\wiki\target\classes started by Dell in E:\IntelliJ IDEA 2019.2\wiki)
2021-03-07 10:11:28.272 INFO  WikiApplication                      :660  [32m                  [0;39m No active profile set, falling back to default profiles: default
2021-03-07 10:11:28.432 INFO  o.s.b.d.env.DevToolsPropertyDefaultsPostProcessor :255  [32m                  [0;39m Devtools property defaults active! Set 'spring.devtools.add-properties' to 'false' to disable
2021-03-07 10:11:28.442 INFO  o.s.b.d.env.DevToolsPropertyDefaultsPostProcessor :255  [32m                  [0;39m For additional web related logging consider setting the 'logging.level.web' property to 'DEBUG'
2021-03-07 10:11:30.875 INFO  o.s.boot.web.embedded.tomcat.TomcatWebServer      :108  [32m                  [0;39m Tomcat initialized with port(s): 8080 (http)
2021-03-07 10:11:30.895 INFO  org.apache.coyote.http11.Http11NioProtocol        :173  [32m                  [0;39m Initializing ProtocolHandler ["http-nio-8080"]
2021-03-07 10:11:30.895 INFO  org.apache.catalina.core.StandardService          :173  [32m                  [0;39m Starting service [Tomcat]
2021-03-07 10:11:30.895 INFO  org.apache.catalina.core.StandardEngine           :173  [32m                  [0;39m Starting Servlet engine: [Apache Tomcat/9.0.39]
2021-03-07 10:11:31.055 INFO  o.a.c.core.ContainerBase.[Tomcat].[localhost].[/] :173  [32m                  [0;39m Initializing Spring embedded WebApplicationContext
2021-03-07 10:11:31.055 INFO  o.s.b.w.s.c.ServletWebServerApplicationContext    :289  [32m                  [0;39m Root WebApplicationContext: initialization completed in 2613 ms
2021-03-07 10:11:31.550 INFO  o.s.scheduling.concurrent.ThreadPoolTaskExecutor  :181  [32m                  [0;39m Initializing ExecutorService 'applicationTaskExecutor'
2021-03-07 10:11:31.925 INFO  o.s.scheduling.concurrent.ThreadPoolTaskScheduler :181  [32m                  [0;39m Initializing ExecutorService 'taskScheduler'
2021-03-07 10:11:31.976 INFO  o.s.b.d.autoconfigure.OptionalLiveReloadServer    :58   [32m                  [0;39m LiveReload server is running on port 35729
2021-03-07 10:11:32.024 INFO  org.apache.coyote.http11.Http11NioProtocol        :173  [32m                  [0;39m Starting ProtocolHandler ["http-nio-8080"]
2021-03-07 10:11:32.095 INFO  o.s.boot.web.embedded.tomcat.TomcatWebServer      :220  [32m                  [0;39m Tomcat started on port(s): 8080 (http) with context path ''
2021-03-07 10:11:32.136 INFO  WikiApplication                      :61   [32m                  [0;39m Started WikiApplication in 5.692 seconds (JVM running for 10.065)
2021-03-07 10:11:32.146 INFO  WikiApplication                      :24   [32m                  [0;39m 启动成功！！
2021-03-07 10:11:32.146 INFO  WikiApplication                      :25   [32m                  [0;39m 地址: 	http://127.0.0.1:8080
2021-03-07 10:11:37.667 INFO  o.a.c.core.ContainerBase.[Tomcat].[localhost].[/] :173  [32m                  [0;39m Initializing Spring DispatcherServlet 'dispatcherServlet'
2021-03-07 10:11:37.667 INFO  org.springframework.web.servlet.DispatcherServlet :525  [32m                  [0;39m Initializing Servlet 'dispatcherServlet'
2021-03-07 10:11:37.667 INFO  org.springframework.web.servlet.DispatcherServlet :547  [32m                  [0;39m Completed initialization in 0 ms
2021-03-07 10:13:00.521 INFO  o.s.scheduling.concurrent.ThreadPoolTaskScheduler :218  [32m                  [0;39m Shutting down ExecutorService 'taskScheduler'
2021-03-07 10:13:00.531 INFO  o.s.scheduling.concurrent.ThreadPoolTaskExecutor  :218  [32m                  [0;39m Shutting down ExecutorService 'applicationTaskExecutor'
2021-03-07 10:13:00.911 INFO  WikiApplication                      :55   [32m                  [0;39m Starting WikiApplication using Java 1.8.0_221 on DESKTOP-DPKE250 with PID 1764 (E:\IntelliJ IDEA 2019.2\wiki\target\classes started by Dell in E:\IntelliJ IDEA 2019.2\wiki)
2021-03-07 10:13:00.911 INFO  WikiApplication                      :660  [32m                  [0;39m No active profile set, falling back to default profiles: default
2021-03-07 10:13:01.461 INFO  o.s.boot.web.embedded.tomcat.TomcatWebServer      :108  [32m                  [0;39m Tomcat initialized with port(s): 8080 (http)
2021-03-07 10:13:01.461 INFO  org.apache.coyote.http11.Http11NioProtocol        :173  [32m                  [0;39m Initializing ProtocolHandler ["http-nio-8080"]
2021-03-07 10:13:01.461 INFO  org.apache.catalina.core.StandardService          :173  [32m                  [0;39m Starting service [Tomcat]
2021-03-07 10:13:01.471 INFO  org.apache.catalina.core.StandardEngine           :173  [32m                  [0;39m Starting Servlet engine: [Apache Tomcat/9.0.39]
2021-03-07 10:13:01.491 INFO  o.a.c.core.ContainerBase.[Tomcat].[localhost].[/] :173  [32m                  [0;39m Initializing Spring embedded WebApplicationContext
2021-03-07 10:13:01.501 INFO  o.s.b.w.s.c.ServletWebServerApplicationContext    :289  [32m                  [0;39m Root WebApplicationContext: initialization completed in 580 ms
2021-03-07 10:13:01.701 INFO  o.s.scheduling.concurrent.ThreadPoolTaskExecutor  :181  [32m                  [0;39m Initializing ExecutorService 'applicationTaskExecutor'
2021-03-07 10:13:01.819 INFO  o.s.scheduling.concurrent.ThreadPoolTaskScheduler :181  [32m                  [0;39m Initializing ExecutorService 'taskScheduler'
2021-03-07 10:13:01.829 INFO  o.s.b.d.autoconfigure.OptionalLiveReloadServer    :58   [32m                  [0;39m LiveReload server is running on port 35729
2021-03-07 10:13:01.849 INFO  org.apache.coyote.http11.Http11NioProtocol        :173  [32m                  [0;39m Starting ProtocolHandler ["http-nio-8080"]
2021-03-07 10:13:01.849 INFO  o.s.boot.web.embedded.tomcat.TomcatWebServer      :220  [32m                  [0;39m Tomcat started on port(s): 8080 (http) with context path ''
2021-03-07 10:13:01.859 INFO  WikiApplication                      :61   [32m                  [0;39m Started WikiApplication in 1.062 seconds (JVM running for 99.791)
2021-03-07 10:13:01.869 INFO  o.s.b.d.a.ConditionEvaluationDeltaLoggingListener :63   [32m                  [0;39m Condition evaluation unchanged
2021-03-07 10:13:01.869 INFO  WikiApplication                      :24   [32m                  [0;39m 启动成功！！
2021-03-07 10:13:01.869 INFO  WikiApplication                      :25   [32m                  [0;39m 地址: 	http://127.0.0.1:8080
2021-03-07 10:13:04.492 INFO  o.s.scheduling.concurrent.ThreadPoolTaskScheduler :218  [32m                  [0;39m Shutting down ExecutorService 'taskScheduler'
2021-03-07 10:13:04.492 INFO  o.s.scheduling.concurrent.ThreadPoolTaskExecutor  :218  [32m                  [0;39m Shutting down ExecutorService 'applicationTaskExecutor'
2021-03-07 10:13:04.867 INFO  WikiApplication                      :55   [32m                  [0;39m Starting WikiApplication using Java 1.8.0_221 on DESKTOP-DPKE250 with PID 1764 (E:\IntelliJ IDEA 2019.2\wiki\target\classes started by Dell in E:\IntelliJ IDEA 2019.2\wiki)
2021-03-07 10:13:04.867 INFO  WikiApplication                      :660  [32m                  [0;39m No active profile set, falling back to default profiles: default
2021-03-07 10:13:13.386 INFO  WikiApplication                      :55   [32m                  [0;39m Starting WikiApplication using Java 1.8.0_221 on DESKTOP-DPKE250 with PID 5188 (E:\IntelliJ IDEA 2019.2\wiki\target\classes started by Dell in E:\IntelliJ IDEA 2019.2\wiki)
2021-03-07 10:13:13.398 INFO  WikiApplication                      :660  [32m                  [0;39m No active profile set, falling back to default profiles: default
2021-03-07 10:13:13.591 INFO  o.s.b.d.env.DevToolsPropertyDefaultsPostProcessor :255  [32m                  [0;39m Devtools property defaults active! Set 'spring.devtools.add-properties' to 'false' to disable
2021-03-07 10:13:13.591 INFO  o.s.b.d.env.DevToolsPropertyDefaultsPostProcessor :255  [32m                  [0;39m For additional web related logging consider setting the 'logging.level.web' property to 'DEBUG'
2021-03-07 10:13:16.656 INFO  o.s.boot.web.embedded.tomcat.TomcatWebServer      :108  [32m                  [0;39m Tomcat initialized with port(s): 8080 (http)
2021-03-07 10:13:16.676 INFO  org.apache.coyote.http11.Http11NioProtocol        :173  [32m                  [0;39m Initializing ProtocolHandler ["http-nio-8080"]
2021-03-07 10:13:16.686 INFO  org.apache.catalina.core.StandardService          :173  [32m                  [0;39m Starting service [Tomcat]
2021-03-07 10:13:16.686 INFO  org.apache.catalina.core.StandardEngine           :173  [32m                  [0;39m Starting Servlet engine: [Apache Tomcat/9.0.39]
2021-03-07 10:13:16.836 INFO  o.a.c.core.ContainerBase.[Tomcat].[localhost].[/] :173  [32m                  [0;39m Initializing Spring embedded WebApplicationContext
2021-03-07 10:13:16.836 INFO  o.s.b.w.s.c.ServletWebServerApplicationContext    :289  [32m                  [0;39m Root WebApplicationContext: initialization completed in 3237 ms
2021-03-07 10:13:17.286 INFO  o.s.scheduling.concurrent.ThreadPoolTaskExecutor  :181  [32m                  [0;39m Initializing ExecutorService 'applicationTaskExecutor'
2021-03-07 10:13:17.666 INFO  o.s.scheduling.concurrent.ThreadPoolTaskScheduler :181  [32m                  [0;39m Initializing ExecutorService 'taskScheduler'
2021-03-07 10:13:17.696 INFO  o.s.b.d.autoconfigure.OptionalLiveReloadServer    :58   [32m                  [0;39m LiveReload server is running on port 35729
2021-03-07 10:13:17.726 INFO  org.apache.coyote.http11.Http11NioProtocol        :173  [32m                  [0;39m Starting ProtocolHandler ["http-nio-8080"]
2021-03-07 10:13:17.796 INFO  o.s.boot.web.embedded.tomcat.TomcatWebServer      :220  [32m                  [0;39m Tomcat started on port(s): 8080 (http) with context path ''
2021-03-07 10:13:17.836 INFO  WikiApplication                      :61   [32m                  [0;39m Started WikiApplication in 6.173 seconds (JVM running for 9.702)
2021-03-07 10:13:17.846 INFO  WikiApplication                      :24   [32m                  [0;39m 启动成功！！
2021-03-07 10:13:17.846 INFO  WikiApplication                      :25   [32m                  [0;39m 地址: 	http://127.0.0.1:8080
2021-03-07 10:13:22.507 INFO  o.a.c.core.ContainerBase.[Tomcat].[localhost].[/] :173  [32m                  [0;39m Initializing Spring DispatcherServlet 'dispatcherServlet'
2021-03-07 10:13:22.507 INFO  org.springframework.web.servlet.DispatcherServlet :525  [32m                  [0;39m Initializing Servlet 'dispatcherServlet'
2021-03-07 10:13:22.507 INFO  org.springframework.web.servlet.DispatcherServlet :547  [32m                  [0;39m Completed initialization in 0 ms
