2021-03-06 16:25:21.874 INFO  WikiApplication                      :55   [32m                  [0;39m Starting WikiApplication using Java 1.8.0_221 on DESKTOP-DPKE250 with PID 2772 (E:\IntelliJ IDEA 2019.2\wiki\target\classes started by Dell in E:\IntelliJ IDEA 2019.2\wiki)
2021-03-06 16:25:21.882 INFO  WikiApplication                      :660  [32m                  [0;39m No active profile set, falling back to default profiles: default
2021-03-06 16:25:23.484 INFO  o.s.boot.web.embedded.tomcat.TomcatWebServer      :108  [32m                  [0;39m Tomcat initialized with port(s): 8880 (http)
2021-03-06 16:25:23.504 INFO  org.apache.coyote.http11.Http11NioProtocol        :173  [32m                  [0;39m Initializing ProtocolHandler ["http-nio-8880"]
2021-03-06 16:25:23.507 INFO  org.apache.catalina.core.StandardService          :173  [32m                  [0;39m Starting service [Tomcat]
2021-03-06 16:25:23.508 INFO  org.apache.catalina.core.StandardEngine           :173  [32m                  [0;39m Starting Servlet engine: [Apache Tomcat/9.0.39]
2021-03-06 16:25:23.657 INFO  o.a.c.core.ContainerBase.[Tomcat].[localhost].[/] :173  [32m                  [0;39m Initializing Spring embedded WebApplicationContext
2021-03-06 16:25:23.658 INFO  o.s.b.w.s.c.ServletWebServerApplicationContext    :289  [32m                  [0;39m Root WebApplicationContext: initialization completed in 1689 ms
2021-03-06 16:25:23.967 INFO  o.s.scheduling.concurrent.ThreadPoolTaskExecutor  :181  [32m                  [0;39m Initializing ExecutorService 'applicationTaskExecutor'
2021-03-06 16:25:24.232 INFO  org.apache.coyote.http11.Http11NioProtocol        :173  [32m                  [0;39m Starting ProtocolHandler ["http-nio-8880"]
2021-03-06 16:25:24.266 INFO  o.s.boot.web.embedded.tomcat.TomcatWebServer      :220  [32m                  [0;39m Tomcat started on port(s): 8880 (http) with context path ''
2021-03-06 16:25:24.288 INFO  WikiApplication                      :61   [32m                  [0;39m Started WikiApplication in 3.482 seconds (JVM running for 5.833)
2021-03-06 16:25:43.120 INFO  WikiApplication                      :55   [32m                  [0;39m Starting WikiApplication using Java 1.8.0_221 on DESKTOP-DPKE250 with PID 12496 (E:\IntelliJ IDEA 2019.2\wiki\target\classes started by Dell in E:\IntelliJ IDEA 2019.2\wiki)
2021-03-06 16:25:43.128 INFO  WikiApplication                      :660  [32m                  [0;39m No active profile set, falling back to default profiles: default
2021-03-06 16:25:44.666 INFO  o.s.boot.web.embedded.tomcat.TomcatWebServer      :108  [32m                  [0;39m Tomcat initialized with port(s): 8080 (http)
2021-03-06 16:25:44.685 INFO  org.apache.coyote.http11.Http11NioProtocol        :173  [32m                  [0;39m Initializing ProtocolHandler ["http-nio-8080"]
2021-03-06 16:25:44.687 INFO  org.apache.catalina.core.StandardService          :173  [32m                  [0;39m Starting service [Tomcat]
2021-03-06 16:25:44.688 INFO  org.apache.catalina.core.StandardEngine           :173  [32m                  [0;39m Starting Servlet engine: [Apache Tomcat/9.0.39]
2021-03-06 16:25:44.881 INFO  o.a.c.core.ContainerBase.[Tomcat].[localhost].[/] :173  [32m                  [0;39m Initializing Spring embedded WebApplicationContext
2021-03-06 16:25:44.882 INFO  o.s.b.w.s.c.ServletWebServerApplicationContext    :289  [32m                  [0;39m Root WebApplicationContext: initialization completed in 1646 ms
2021-03-06 16:25:45.193 INFO  o.s.scheduling.concurrent.ThreadPoolTaskExecutor  :181  [32m                  [0;39m Initializing ExecutorService 'applicationTaskExecutor'
2021-03-06 16:25:45.448 INFO  org.apache.coyote.http11.Http11NioProtocol        :173  [32m                  [0;39m Starting ProtocolHandler ["http-nio-8080"]
2021-03-06 16:25:45.481 INFO  o.s.boot.web.embedded.tomcat.TomcatWebServer      :220  [32m                  [0;39m Tomcat started on port(s): 8080 (http) with context path ''
2021-03-06 16:25:45.500 INFO  WikiApplication                      :61   [32m                  [0;39m Started WikiApplication in 3.425 seconds (JVM running for 5.76)
2021-03-06 16:28:43.960 INFO  WikiApplication                      :55   [32m                  [0;39m Starting WikiApplication using Java 1.8.0_221 on DESKTOP-DPKE250 with PID 1452 (E:\IntelliJ IDEA 2019.2\wiki\target\classes started by Dell in E:\IntelliJ IDEA 2019.2\wiki)
2021-03-06 16:28:43.969 INFO  WikiApplication                      :660  [32m                  [0;39m No active profile set, falling back to default profiles: default
2021-03-06 16:28:45.797 INFO  o.s.boot.web.embedded.tomcat.TomcatWebServer      :108  [32m                  [0;39m Tomcat initialized with port(s): 8080 (http)
2021-03-06 16:28:45.812 INFO  org.apache.coyote.http11.Http11NioProtocol        :173  [32m                  [0;39m Initializing ProtocolHandler ["http-nio-8080"]
2021-03-06 16:28:45.814 INFO  org.apache.catalina.core.StandardService          :173  [32m                  [0;39m Starting service [Tomcat]
2021-03-06 16:28:45.815 INFO  org.apache.catalina.core.StandardEngine           :173  [32m                  [0;39m Starting Servlet engine: [Apache Tomcat/9.0.39]
2021-03-06 16:28:45.942 INFO  o.a.c.core.ContainerBase.[Tomcat].[localhost].[/] :173  [32m                  [0;39m Initializing Spring embedded WebApplicationContext
2021-03-06 16:28:45.943 INFO  o.s.b.w.s.c.ServletWebServerApplicationContext    :289  [32m                  [0;39m Root WebApplicationContext: initialization completed in 1845 ms
2021-03-06 16:28:46.330 INFO  o.s.scheduling.concurrent.ThreadPoolTaskExecutor  :181  [32m                  [0;39m Initializing ExecutorService 'applicationTaskExecutor'
2021-03-06 16:28:46.663 INFO  o.s.scheduling.concurrent.ThreadPoolTaskScheduler :181  [32m                  [0;39m Initializing ExecutorService 'taskScheduler'
2021-03-06 16:28:46.691 INFO  org.apache.coyote.http11.Http11NioProtocol        :173  [32m                  [0;39m Starting ProtocolHandler ["http-nio-8080"]
2021-03-06 16:28:46.727 INFO  o.s.boot.web.embedded.tomcat.TomcatWebServer      :220  [32m                  [0;39m Tomcat started on port(s): 8080 (http) with context path ''
2021-03-06 16:28:46.748 INFO  WikiApplication                      :61   [32m                  [0;39m Started WikiApplication in 3.813 seconds (JVM running for 6.198)
2021-03-06 16:28:46.753 INFO  WikiApplication                      :24   [32m                  [0;39m 启动成功！！
2021-03-06 16:28:46.754 INFO  WikiApplication                      :25   [32m                  [0;39m 地址: 	http://127.0.0.1:8080
2021-03-06 16:59:52.028 INFO  WikiApplication                      :55   [32m                  [0;39m Starting WikiApplication using Java 1.8.0_221 on DESKTOP-DPKE250 with PID 8856 (E:\IntelliJ IDEA 2019.2\wiki\target\classes started by Dell in E:\IntelliJ IDEA 2019.2\wiki)
2021-03-06 16:59:52.034 INFO  WikiApplication                      :660  [32m                  [0;39m No active profile set, falling back to default profiles: default
2021-03-06 16:59:52.139 INFO  o.s.b.d.env.DevToolsPropertyDefaultsPostProcessor :255  [32m                  [0;39m Devtools property defaults active! Set 'spring.devtools.add-properties' to 'false' to disable
2021-03-06 16:59:52.140 INFO  o.s.b.d.env.DevToolsPropertyDefaultsPostProcessor :255  [32m                  [0;39m For additional web related logging consider setting the 'logging.level.web' property to 'DEBUG'
2021-03-06 16:59:54.134 INFO  o.s.boot.web.embedded.tomcat.TomcatWebServer      :108  [32m                  [0;39m Tomcat initialized with port(s): 8080 (http)
2021-03-06 16:59:54.150 INFO  org.apache.coyote.http11.Http11NioProtocol        :173  [32m                  [0;39m Initializing ProtocolHandler ["http-nio-8080"]
2021-03-06 16:59:54.153 INFO  org.apache.catalina.core.StandardService          :173  [32m                  [0;39m Starting service [Tomcat]
2021-03-06 16:59:54.155 INFO  org.apache.catalina.core.StandardEngine           :173  [32m                  [0;39m Starting Servlet engine: [Apache Tomcat/9.0.39]
2021-03-06 16:59:54.282 INFO  o.a.c.core.ContainerBase.[Tomcat].[localhost].[/] :173  [32m                  [0;39m Initializing Spring embedded WebApplicationContext
2021-03-06 16:59:54.283 INFO  o.s.b.w.s.c.ServletWebServerApplicationContext    :289  [32m                  [0;39m Root WebApplicationContext: initialization completed in 2140 ms
2021-03-06 16:59:54.654 INFO  o.s.scheduling.concurrent.ThreadPoolTaskExecutor  :181  [32m                  [0;39m Initializing ExecutorService 'applicationTaskExecutor'
2021-03-06 16:59:55.010 INFO  o.s.scheduling.concurrent.ThreadPoolTaskScheduler :181  [32m                  [0;39m Initializing ExecutorService 'taskScheduler'
2021-03-06 16:59:55.056 INFO  o.s.b.d.autoconfigure.OptionalLiveReloadServer    :58   [32m                  [0;39m LiveReload server is running on port 35729
2021-03-06 16:59:55.086 INFO  org.apache.coyote.http11.Http11NioProtocol        :173  [32m                  [0;39m Starting ProtocolHandler ["http-nio-8080"]
2021-03-06 16:59:55.144 INFO  o.s.boot.web.embedded.tomcat.TomcatWebServer      :220  [32m                  [0;39m Tomcat started on port(s): 8080 (http) with context path ''
2021-03-06 16:59:55.180 INFO  WikiApplication                      :61   [32m                  [0;39m Started WikiApplication in 4.11 seconds (JVM running for 6.811)
2021-03-06 16:59:55.189 INFO  WikiApplication                      :24   [32m                  [0;39m 启动成功！！
2021-03-06 16:59:55.190 INFO  WikiApplication                      :25   [32m                  [0;39m 地址: 	http://127.0.0.1:8080
2021-03-06 17:01:21.882 INFO  o.s.scheduling.concurrent.ThreadPoolTaskScheduler :218  [32m                  [0;39m Shutting down ExecutorService 'taskScheduler'
2021-03-06 17:01:21.887 INFO  o.s.scheduling.concurrent.ThreadPoolTaskExecutor  :218  [32m                  [0;39m Shutting down ExecutorService 'applicationTaskExecutor'
2021-03-06 17:01:22.158 INFO  WikiApplication                      :55   [32m                  [0;39m Starting WikiApplication using Java 1.8.0_221 on DESKTOP-DPKE250 with PID 8856 (E:\IntelliJ IDEA 2019.2\wiki\target\classes started by Dell in E:\IntelliJ IDEA 2019.2\wiki)
2021-03-06 17:01:22.159 INFO  WikiApplication                      :660  [32m                  [0;39m No active profile set, falling back to default profiles: default
2021-03-06 17:01:22.658 INFO  o.s.boot.web.embedded.tomcat.TomcatWebServer      :108  [32m                  [0;39m Tomcat initialized with port(s): 8080 (http)
2021-03-06 17:01:22.660 INFO  org.apache.coyote.http11.Http11NioProtocol        :173  [32m                  [0;39m Initializing ProtocolHandler ["http-nio-8080"]
2021-03-06 17:01:22.661 INFO  org.apache.catalina.core.StandardService          :173  [32m                  [0;39m Starting service [Tomcat]
2021-03-06 17:01:22.662 INFO  org.apache.catalina.core.StandardEngine           :173  [32m                  [0;39m Starting Servlet engine: [Apache Tomcat/9.0.39]
2021-03-06 17:01:22.688 INFO  o.a.c.core.ContainerBase.[Tomcat].[localhost].[/] :173  [32m                  [0;39m Initializing Spring embedded WebApplicationContext
2021-03-06 17:01:22.689 INFO  o.s.b.w.s.c.ServletWebServerApplicationContext    :289  [32m                  [0;39m Root WebApplicationContext: initialization completed in 522 ms
2021-03-06 17:01:22.793 INFO  o.s.scheduling.concurrent.ThreadPoolTaskExecutor  :181  [32m                  [0;39m Initializing ExecutorService 'applicationTaskExecutor'
2021-03-06 17:01:22.879 INFO  o.s.scheduling.concurrent.ThreadPoolTaskScheduler :181  [32m                  [0;39m Initializing ExecutorService 'taskScheduler'
2021-03-06 17:01:22.898 INFO  o.s.b.d.autoconfigure.OptionalLiveReloadServer    :58   [32m                  [0;39m LiveReload server is running on port 35729
2021-03-06 17:01:22.908 INFO  org.apache.coyote.http11.Http11NioProtocol        :173  [32m                  [0;39m Starting ProtocolHandler ["http-nio-8080"]
2021-03-06 17:01:22.914 INFO  o.s.boot.web.embedded.tomcat.TomcatWebServer      :220  [32m                  [0;39m Tomcat started on port(s): 8080 (http) with context path ''
2021-03-06 17:01:22.922 INFO  WikiApplication                      :61   [32m                  [0;39m Started WikiApplication in 0.846 seconds (JVM running for 94.553)
2021-03-06 17:01:22.925 INFO  o.s.b.d.a.ConditionEvaluationDeltaLoggingListener :63   [32m                  [0;39m Condition evaluation unchanged
2021-03-06 17:01:22.926 INFO  WikiApplication                      :24   [32m                  [0;39m 启动成功！！
2021-03-06 17:01:22.927 INFO  WikiApplication                      :25   [32m                  [0;39m 地址: 	http://127.0.0.1:8080
