2021-05-17 10:44:07.238 INFO  org.hibernate.validator.internal.util.Version     :21   [32m                  [0;39m HV000001: Hibernate Validator 6.1.6.Final
2021-05-17 10:44:07.285 INFO  com.zhuanye.wiki.WikiApplication                  :55   [32m                  [0;39m Starting WikiApplication using Java 1.8.0_221 on DESKTOP-Q8KK21T with PID 15764 (E:\IntelliJ IDEA 2019.2\wiki\target\classes started by Administrator in E:\IntelliJ IDEA 2019.2\wiki)
2021-05-17 10:44:07.285 INFO  com.zhuanye.wiki.WikiApplication                  :660  [32m                  [0;39m No active profile set, falling back to default profiles: default
2021-05-17 10:44:07.629 INFO  o.s.b.d.env.DevToolsPropertyDefaultsPostProcessor :255  [32m                  [0;39m Devtools property defaults active! Set 'spring.devtools.add-properties' to 'false' to disable
2021-05-17 10:44:07.644 INFO  o.s.b.d.env.DevToolsPropertyDefaultsPostProcessor :255  [32m                  [0;39m For additional web related logging consider setting the 'logging.level.web' property to 'DEBUG'
2021-05-17 10:44:10.458 INFO  o.s.d.r.config.RepositoryConfigurationDelegate    :250  [32m                  [0;39m Multiple Spring Data modules found, entering strict repository configuration mode!
2021-05-17 10:44:10.473 INFO  o.s.d.r.config.RepositoryConfigurationDelegate    :128  [32m                  [0;39m Bootstrapping Spring Data Redis repositories in DEFAULT mode.
2021-05-17 10:44:10.551 INFO  o.s.d.r.config.RepositoryConfigurationDelegate    :188  [32m                  [0;39m Finished Spring Data repository scanning in 23 ms. Found 0 Redis repository interfaces.
2021-05-17 10:44:12.974 INFO  o.s.boot.web.embedded.tomcat.TomcatWebServer      :108  [32m                  [0;39m Tomcat initialized with port(s): 8080 (http)
2021-05-17 10:44:13.037 INFO  org.apache.coyote.http11.Http11NioProtocol        :173  [32m                  [0;39m Initializing ProtocolHandler ["http-nio-8080"]
2021-05-17 10:44:13.037 INFO  org.apache.catalina.core.StandardService          :173  [32m                  [0;39m Starting service [Tomcat]
2021-05-17 10:44:13.037 INFO  org.apache.catalina.core.StandardEngine           :173  [32m                  [0;39m Starting Servlet engine: [Apache Tomcat/9.0.39]
2021-05-17 10:44:13.037 INFO  org.apache.catalina.core.AprLifecycleListener     :173  [32m                  [0;39m Loaded Apache Tomcat Native library [1.2.26] using APR version [1.7.0].
2021-05-17 10:44:13.037 INFO  org.apache.catalina.core.AprLifecycleListener     :173  [32m                  [0;39m APR capabilities: IPv6 [true], sendfile [true], accept filters [false], random [true].
2021-05-17 10:44:13.037 INFO  org.apache.catalina.core.AprLifecycleListener     :173  [32m                  [0;39m APR/OpenSSL configuration: useAprConnector [false], useOpenSSL [true]
2021-05-17 10:44:13.146 INFO  org.apache.catalina.core.AprLifecycleListener     :173  [32m                  [0;39m OpenSSL successfully initialized [OpenSSL 1.1.1i  8 Dec 2020]
2021-05-17 10:44:13.287 INFO  o.a.c.core.ContainerBase.[Tomcat].[localhost].[/] :173  [32m                  [0;39m Initializing Spring embedded WebApplicationContext
2021-05-17 10:44:13.287 INFO  o.s.b.w.s.c.ServletWebServerApplicationContext    :289  [32m                  [0;39m Root WebApplicationContext: initialization completed in 5627 ms
2021-05-17 10:44:16.179 INFO  o.s.scheduling.concurrent.ThreadPoolTaskExecutor  :181  [32m                  [0;39m Initializing ExecutorService 'applicationTaskExecutor'
2021-05-17 10:44:17.148 INFO  o.s.scheduling.concurrent.ThreadPoolTaskScheduler :181  [32m                  [0;39m Initializing ExecutorService 'taskScheduler'
2021-05-17 10:44:17.241 INFO  o.s.b.d.autoconfigure.OptionalLiveReloadServer    :58   [32m                  [0;39m LiveReload server is running on port 35729
2021-05-17 10:44:17.288 INFO  org.apache.coyote.http11.Http11NioProtocol        :173  [32m                  [0;39m Starting ProtocolHandler ["http-nio-8080"]
2021-05-17 10:44:17.335 INFO  o.s.boot.web.embedded.tomcat.TomcatWebServer      :220  [32m                  [0;39m Tomcat started on port(s): 8080 (http) with context path ''
2021-05-17 10:44:17.366 INFO  com.zhuanye.wiki.WikiApplication                  :61   [32m                  [0;39m Started WikiApplication in 11.665 seconds (JVM running for 15.564)
2021-05-17 10:44:17.382 INFO  com.zhuanye.wiki.WikiApplication                  :24   [32m                  [0;39m å¯åŠ¨æˆåŠŸï¼ï¼
2021-05-17 10:44:17.382 INFO  com.zhuanye.wiki.WikiApplication                  :25   [32m                  [0;39m åœ°å€: 	http://127.0.0.1:8080
2021-05-17 10:44:35.009 INFO  com.zhuanye.wiki.job.DocJob                       :31   [32m49326168511483904 [0;39m æ›´æ–°ç”µå­ä¹¦ä¸‹çš„æ–‡æ¡£æ•°æ®å¼€å§‹
2021-05-17 10:44:35.149 INFO  com.zaxxer.hikari.HikariDataSource                :110  [32m49326168511483904 [0;39m HikariPool-1 - Starting...
2021-05-17 10:44:35.540 INFO  com.zaxxer.hikari.HikariDataSource                :123  [32m49326168511483904 [0;39m HikariPool-1 - Start completed.
2021-05-17 10:44:35.602 INFO  com.zhuanye.wiki.job.DocJob                       :34   [32m49326168511483904 [0;39m æ›´æ–°ç”µå­ä¹¦ä¸‹çš„æ–‡æ¡£æ•°æ®ç»“æŸï¼Œè€—æ—¶ï¼š593æ¯«ç§’
2021-05-17 10:45:05.015 INFO  com.zhuanye.wiki.job.DocJob                       :31   [32m49326294365769728 [0;39m æ›´æ–°ç”µå­ä¹¦ä¸‹çš„æ–‡æ¡£æ•°æ®å¼€å§‹
2021-05-17 10:45:05.015 INFO  com.zhuanye.wiki.job.DocJob                       :34   [32m49326294365769728 [0;39m æ›´æ–°ç”µå­ä¹¦ä¸‹çš„æ–‡æ¡£æ•°æ®ç»“æŸï¼Œè€—æ—¶ï¼š0æ¯«ç§’
2021-05-17 10:45:35.021 INFO  com.zhuanye.wiki.job.DocJob                       :31   [32m49326420220055552 [0;39m æ›´æ–°ç”µå­ä¹¦ä¸‹çš„æ–‡æ¡£æ•°æ®å¼€å§‹
2021-05-17 10:45:35.021 INFO  com.zhuanye.wiki.job.DocJob                       :34   [32m49326420220055552 [0;39m æ›´æ–°ç”µå­ä¹¦ä¸‹çš„æ–‡æ¡£æ•°æ®ç»“æŸï¼Œè€—æ—¶ï¼š0æ¯«ç§’
2021-05-17 10:46:05.004 INFO  com.zhuanye.wiki.job.DocJob                       :31   [32m49326545977872384 [0;39m æ›´æ–°ç”µå­ä¹¦ä¸‹çš„æ–‡æ¡£æ•°æ®å¼€å§‹
2021-05-17 10:46:05.004 INFO  com.zhuanye.wiki.job.DocJob                       :34   [32m49326545977872384 [0;39m æ›´æ–°ç”µå­ä¹¦ä¸‹çš„æ–‡æ¡£æ•°æ®ç»“æŸï¼Œè€—æ—¶ï¼š0æ¯«ç§’
2021-05-17 10:46:35.018 INFO  com.zhuanye.wiki.job.DocJob                       :31   [32m49326671865712640 [0;39m æ›´æ–°ç”µå­ä¹¦ä¸‹çš„æ–‡æ¡£æ•°æ®å¼€å§‹
2021-05-17 10:46:35.018 INFO  com.zhuanye.wiki.job.DocJob                       :34   [32m49326671865712640 [0;39m æ›´æ–°ç”µå­ä¹¦ä¸‹çš„æ–‡æ¡£æ•°æ®ç»“æŸï¼Œè€—æ—¶ï¼š0æ¯«ç§’
2021-05-17 10:46:37.035 INFO  o.a.c.core.ContainerBase.[Tomcat].[localhost].[/] :173  [32m                  [0;39m Initializing Spring DispatcherServlet 'dispatcherServlet'
2021-05-17 10:46:37.035 INFO  org.springframework.web.servlet.DispatcherServlet :525  [32m                  [0;39m Initializing Servlet 'dispatcherServlet'
2021-05-17 10:46:37.035 INFO  org.springframework.web.servlet.DispatcherServlet :547  [32m                  [0;39m Completed initialization in 0 ms
2021-05-17 10:46:37.737 INFO  com.zhuanye.wiki.aspect.LogAspect                 :53   [32m49326683270025216 [0;39m ------------- å¼€å§‹ -------------
2021-05-17 10:46:37.737 INFO  com.zhuanye.wiki.aspect.LogAspect                 :54   [32m49326683270025216 [0;39m è¯·æ±‚åœ°å€: http://localhost:8080/user/login POST
2021-05-17 10:46:37.737 INFO  com.zhuanye.wiki.aspect.LogAspect                 :55   [32m49326683270025216 [0;39m ç±»åæ–¹æ³•: com.zhuanye.wiki.controller.UserController.login
2021-05-17 10:46:37.737 INFO  com.zhuanye.wiki.aspect.LogAspect                 :56   [32m49326683270025216 [0;39m è¿œç¨‹åœ°å€: 127.0.0.1
2021-05-17 10:46:37.921 INFO  com.zhuanye.wiki.aspect.LogAspect                 :78   [32m49326683270025216 [0;39m è¯·æ±‚å‚æ•°: [{"loginName":"test"}]
2021-05-17 10:46:38.091 INFO  com.zhuanye.wiki.controller.UserController        :77   [32m49326683270025216 [0;39m ç”Ÿæˆå•ç‚¹ç™»å½•tokenï¼š49326684754808832ï¼Œå¹¶æ”¾å…¥redisä¸­
2021-05-17 10:46:39.410 INFO  com.zhuanye.wiki.aspect.LogAspect                 :90   [32m49326683270025216 [0;39m è¿”å›ç»“æœ: {"content":{"id":1,"loginName":"test","name":"ç®¡ç†å‘˜","token":"49326684754808832"},"success":true}
2021-05-17 10:46:39.410 INFO  com.zhuanye.wiki.aspect.LogAspect                 :91   [32m49326683270025216 [0;39m ------------- ç»“æŸ è€—æ—¶ï¼š1673 ms -------------
2021-05-17 10:46:42.504 INFO  com.zhuanye.wiki.aspect.LogAspect                 :53   [32m49326703264272384 [0;39m ------------- å¼€å§‹ -------------
2021-05-17 10:46:42.504 INFO  com.zhuanye.wiki.aspect.LogAspect                 :54   [32m49326703264272384 [0;39m è¯·æ±‚åœ°å€: http://localhost:8080/category/all GET
2021-05-17 10:46:42.504 INFO  com.zhuanye.wiki.aspect.LogAspect                 :55   [32m49326703264272384 [0;39m ç±»åæ–¹æ³•: com.zhuanye.wiki.controller.CategoryController.all
2021-05-17 10:46:42.504 INFO  com.zhuanye.wiki.aspect.LogAspect                 :56   [32m49326703264272384 [0;39m è¿œç¨‹åœ°å€: 127.0.0.1
2021-05-17 10:46:42.504 INFO  com.zhuanye.wiki.aspect.LogAspect                 :78   [32m49326703264272384 [0;39m è¯·æ±‚å‚æ•°: []
2021-05-17 10:46:42.535 INFO  com.zhuanye.wiki.aspect.LogAspect                 :90   [32m49326703264272384 [0;39m è¿”å›ç»“æœ: {"content":[{"id":100,"name":"å‰ç«¯å¼€å‘","parent":0,"sort":100},{"id":101,"name":"Vue","parent":100,"sort":101},{"id":102,"name":"HTML & CSS","parent":100,"sort":102},{"id":200,"name":"Java","parent":0,"sort":200},{"id":201,"name":"åŸºç¡€åº”ç”¨","parent":200,"sort":201},{"id":202,"name":"æ¡†æ¶åº”ç”¨","parent":200,"sort":202},{"id":300,"name":"Python","parent":0,"sort":300},{"id":301,"name":"åŸºç¡€åº”ç”¨","parent":300,"sort":301},{"id":302,"name":"è¿›é˜¶æ–¹å‘åº”ç”¨","parent":300,"sort":302},{"id":400,"name":"æ•°æ®åº“","parent":0,"sort":400},{"id":401,"name":"MySQL","parent":400,"sort":401},{"id":500,"name":"å…¶å®ƒ","parent":0,"sort":500},{"id":501,"name":"æœåŠ¡å™¨","parent":500,"sort":501},{"id":502,"name":"å¼€å‘å·¥å…·","parent":500,"sort":502},{"id":503,"name":"çƒ­é—¨æœåŠ¡ç«¯è¯­è¨€","parent":500,"sort":503}],"success":true}
2021-05-17 10:46:42.535 INFO  com.zhuanye.wiki.aspect.LogAspect                 :91   [32m49326703264272384 [0;39m ------------- ç»“æŸ è€—æ—¶ï¼š31 ms -------------
2021-05-17 10:46:42.704 INFO  com.zhuanye.wiki.aspect.LogAspect                 :53   [32m49326704103133184 [0;39m ------------- å¼€å§‹ -------------
2021-05-17 10:46:42.704 INFO  com.zhuanye.wiki.aspect.LogAspect                 :54   [32m49326704103133184 [0;39m è¯·æ±‚åœ°å€: http://localhost:8080/ebook/list GET
2021-05-17 10:46:42.704 INFO  com.zhuanye.wiki.aspect.LogAspect                 :55   [32m49326704103133184 [0;39m ç±»åæ–¹æ³•: com.zhuanye.wiki.controller.EbookController.list
2021-05-17 10:46:42.704 INFO  com.zhuanye.wiki.aspect.LogAspect                 :56   [32m49326704103133184 [0;39m è¿œç¨‹åœ°å€: 127.0.0.1
2021-05-17 10:46:42.704 INFO  com.zhuanye.wiki.aspect.LogAspect                 :78   [32m49326704103133184 [0;39m è¯·æ±‚å‚æ•°: [{"page":1,"size":10}]
2021-05-17 10:46:42.804 INFO  com.zhuanye.wiki.service.EbookService             :46   [32m49326704103133184 [0;39m æ€»è¡Œæ•°ï¼š15
2021-05-17 10:46:42.804 INFO  com.zhuanye.wiki.service.EbookService             :47   [32m49326704103133184 [0;39m æ€»é¡µæ•°ï¼š2
2021-05-17 10:46:42.819 INFO  com.zhuanye.wiki.aspect.LogAspect                 :90   [32m49326704103133184 [0;39m è¿”å›ç»“æœ: {"content":{"list":[{"category1Id":100,"category2Id":102,"cover":"web/public/image/cover1.png","description":"é›¶åŸºç¡€å…¥é—¨ Java å¼€å‘ï¼Œä¼ä¸šçº§åº”ç”¨å¼€å‘æœ€ä½³é¦–é€‰æ¡†æ¶","docCount":6,"id":1,"name":"Spring Boot 11","viewCount":0,"voteCount":0},{"category1Id":100,"category2Id":101,"cover":"web/public/image/cover2.png","description":"é›¶åŸºç¡€å…¥é—¨ Vue å¼€å‘ï¼Œä¼ä¸šçº§åº”ç”¨å¼€å‘æœ€ä½³é¦–é€‰æ¡†æ¶","docCount":2,"id":2,"name":"Vue å…¥é—¨æ•™ç¨‹","viewCount":12,"voteCount":2},{"category1Id":300,"category2Id":301,"cover":"web/public/image/cover2.png","description":"é›¶åŸºç¡€å…¥é—¨ Python å¼€å‘ï¼Œä¼ä¸šçº§åº”ç”¨å¼€å‘æœ€ä½³é¦–é€‰æ¡†æ¶","docCount":3,"id":3,"name":"Python å…¥é—¨æ•™ç¨‹","viewCount":11,"voteCount":5},{"category1Id":400,"category2Id":401,"cover":"web/public/image/cover2.png","description":"é›¶åŸºç¡€å…¥é—¨ Mysql å¼€å‘ï¼Œä¼ä¸šçº§åº”ç”¨å¼€å‘æœ€ä½³é¦–é€‰æ¡†æ¶","docCount":3,"id":4,"name":"Mysql å…¥é—¨æ•™ç¨‹","viewCount":44,"voteCount":1},{"category1Id":400,"category2Id":401,"cover":"image/cover2.png","description":"é›¶åŸºç¡€å…¥é—¨ Oracle å¼€å‘ï¼Œä¼ä¸šçº§åº”ç”¨å¼€å‘æœ€ä½³é¦–é€‰æ¡†æ¶","docCount":2,"id":5,"name":"Oracleå…¥é—¨æ•™ç¨‹","viewCount":33,"voteCount":2},{"category1Id":400,"category2Id":401,"cover":"image/cover1.png","description":"é›¶åŸºç¡€å…¥é—¨ SQL å¼€å‘ï¼Œä¼ä¸šçº§åº”ç”¨å¼€å‘æœ€ä½³é¦–é€‰æ¡†æ¶","docCount":4,"id":6,"name":"SqlServerå…¥é—¨æ•™ç¨‹","viewCount":35,"voteCount":2},{"category1Id":100,"category2Id":102,"cover":"image/cover1.png","description":"é›¶åŸºç¡€å…¥é—¨ JS å¼€å‘ï¼Œä¼ä¸šçº§åº”ç”¨å¼€å‘æœ€ä½³é¦–é€‰æ¡†æ¶","docCount":7,"id":7,"name":"JavaScriptå…¥é—¨æ•™ç¨‹","viewCount":47,"voteCount":4},{"category1Id":500,"category2Id":503,"cover":"image/cover1.png","description":"é›¶åŸºç¡€å…¥é—¨ Android å¼€å‘ï¼Œä¼ä¸šçº§åº”ç”¨å¼€å‘æœ€ä½³é¦–é€‰æ¡†æ¶","docCount":4,"id":8,"name":"Androidå…¥é—¨æ•™ç¨‹","viewCount":25,"voteCount":3},{"category1Id":500,"category2Id":502,"cover":"image/cover1.png","description":"é›¶åŸºç¡€å…¥é—¨ æ¶æ„ å¼€å‘ï¼Œä¼ä¸šçº§åº”ç”¨å¼€å‘æœ€ä½³é¦–é€‰æ¡†æ¶","docCount":2,"id":9,"name":"æ¶æ„å…¥é—¨æ•™ç¨‹","viewCount":33,"voteCount":5},{"category1Id":500,"category2Id":502,"cover":"image/cover1.png","description":"é›¶åŸºç¡€å…¥é—¨ ç½‘ç»œ å¼€å‘ï¼Œä¼ä¸šçº§åº”ç”¨å¼€å‘æœ€ä½³é¦–é€‰æ¡†æ¶","docCount":3,"id":10,"name":"ç½‘ç»œå…¥é—¨æ•™ç¨‹","viewCount":24,"voteCount":1}],"total":15},"success":true}
2021-05-17 10:46:42.819 INFO  com.zhuanye.wiki.aspect.LogAspect                 :91   [32m49326704103133184 [0;39m ------------- ç»“æŸ è€—æ—¶ï¼š115 ms -------------
2021-05-17 10:46:47.509 INFO  com.zhuanye.wiki.aspect.LogAspect                 :53   [32m49326724256763904 [0;39m ------------- å¼€å§‹ -------------
2021-05-17 10:46:47.509 INFO  com.zhuanye.wiki.aspect.LogAspect                 :54   [32m49326724256763904 [0;39m è¯·æ±‚åœ°å€: http://localhost:8080/category/all GET
2021-05-17 10:46:47.509 INFO  com.zhuanye.wiki.aspect.LogAspect                 :55   [32m49326724256763904 [0;39m ç±»åæ–¹æ³•: com.zhuanye.wiki.controller.CategoryController.all
2021-05-17 10:46:47.509 INFO  com.zhuanye.wiki.aspect.LogAspect                 :56   [32m49326724256763904 [0;39m è¿œç¨‹åœ°å€: 127.0.0.1
2021-05-17 10:46:47.515 INFO  com.zhuanye.wiki.aspect.LogAspect                 :78   [32m49326724256763904 [0;39m è¯·æ±‚å‚æ•°: []
2021-05-17 10:46:47.515 INFO  com.zhuanye.wiki.aspect.LogAspect                 :90   [32m49326724256763904 [0;39m è¿”å›ç»“æœ: {"content":[{"id":100,"name":"å‰ç«¯å¼€å‘","parent":0,"sort":100},{"id":101,"name":"Vue","parent":100,"sort":101},{"id":102,"name":"HTML & CSS","parent":100,"sort":102},{"id":200,"name":"Java","parent":0,"sort":200},{"id":201,"name":"åŸºç¡€åº”ç”¨","parent":200,"sort":201},{"id":202,"name":"æ¡†æ¶åº”ç”¨","parent":200,"sort":202},{"id":300,"name":"Python","parent":0,"sort":300},{"id":301,"name":"åŸºç¡€åº”ç”¨","parent":300,"sort":301},{"id":302,"name":"è¿›é˜¶æ–¹å‘åº”ç”¨","parent":300,"sort":302},{"id":400,"name":"æ•°æ®åº“","parent":0,"sort":400},{"id":401,"name":"MySQL","parent":400,"sort":401},{"id":500,"name":"å…¶å®ƒ","parent":0,"sort":500},{"id":501,"name":"æœåŠ¡å™¨","parent":500,"sort":501},{"id":502,"name":"å¼€å‘å·¥å…·","parent":500,"sort":502},{"id":503,"name":"çƒ­é—¨æœåŠ¡ç«¯è¯­è¨€","parent":500,"sort":503}],"success":true}
2021-05-17 10:46:47.515 INFO  com.zhuanye.wiki.aspect.LogAspect                 :91   [32m49326724256763904 [0;39m ------------- ç»“æŸ è€—æ—¶ï¼š6 ms -------------
2021-05-17 10:46:47.609 INFO  com.zhuanye.wiki.aspect.LogAspect                 :53   [32m49326724676194304 [0;39m ------------- å¼€å§‹ -------------
2021-05-17 10:46:47.609 INFO  com.zhuanye.wiki.aspect.LogAspect                 :54   [32m49326724676194304 [0;39m è¯·æ±‚åœ°å€: http://localhost:8080/ebook/list GET
2021-05-17 10:46:47.609 INFO  com.zhuanye.wiki.aspect.LogAspect                 :55   [32m49326724676194304 [0;39m ç±»åæ–¹æ³•: com.zhuanye.wiki.controller.EbookController.list
2021-05-17 10:46:47.609 INFO  com.zhuanye.wiki.aspect.LogAspect                 :56   [32m49326724676194304 [0;39m è¿œç¨‹åœ°å€: 127.0.0.1
2021-05-17 10:46:47.609 INFO  com.zhuanye.wiki.aspect.LogAspect                 :78   [32m49326724676194304 [0;39m è¯·æ±‚å‚æ•°: [{"page":1,"size":10}]
2021-05-17 10:46:47.615 INFO  com.zhuanye.wiki.service.EbookService             :46   [32m49326724676194304 [0;39m æ€»è¡Œæ•°ï¼š15
2021-05-17 10:46:47.615 INFO  com.zhuanye.wiki.service.EbookService             :47   [32m49326724676194304 [0;39m æ€»é¡µæ•°ï¼š2
2021-05-17 10:46:47.631 INFO  com.zhuanye.wiki.aspect.LogAspect                 :90   [32m49326724676194304 [0;39m è¿”å›ç»“æœ: {"content":{"list":[{"category1Id":100,"category2Id":102,"cover":"web/public/image/cover1.png","description":"é›¶åŸºç¡€å…¥é—¨ Java å¼€å‘ï¼Œä¼ä¸šçº§åº”ç”¨å¼€å‘æœ€ä½³é¦–é€‰æ¡†æ¶","docCount":6,"id":1,"name":"Spring Boot 11","viewCount":0,"voteCount":0},{"category1Id":100,"category2Id":101,"cover":"web/public/image/cover2.png","description":"é›¶åŸºç¡€å…¥é—¨ Vue å¼€å‘ï¼Œä¼ä¸šçº§åº”ç”¨å¼€å‘æœ€ä½³é¦–é€‰æ¡†æ¶","docCount":2,"id":2,"name":"Vue å…¥é—¨æ•™ç¨‹","viewCount":12,"voteCount":2},{"category1Id":300,"category2Id":301,"cover":"web/public/image/cover2.png","description":"é›¶åŸºç¡€å…¥é—¨ Python å¼€å‘ï¼Œä¼ä¸šçº§åº”ç”¨å¼€å‘æœ€ä½³é¦–é€‰æ¡†æ¶","docCount":3,"id":3,"name":"Python å…¥é—¨æ•™ç¨‹","viewCount":11,"voteCount":5},{"category1Id":400,"category2Id":401,"cover":"web/public/image/cover2.png","description":"é›¶åŸºç¡€å…¥é—¨ Mysql å¼€å‘ï¼Œä¼ä¸šçº§åº”ç”¨å¼€å‘æœ€ä½³é¦–é€‰æ¡†æ¶","docCount":3,"id":4,"name":"Mysql å…¥é—¨æ•™ç¨‹","viewCount":44,"voteCount":1},{"category1Id":400,"category2Id":401,"cover":"image/cover2.png","description":"é›¶åŸºç¡€å…¥é—¨ Oracle å¼€å‘ï¼Œä¼ä¸šçº§åº”ç”¨å¼€å‘æœ€ä½³é¦–é€‰æ¡†æ¶","docCount":2,"id":5,"name":"Oracleå…¥é—¨æ•™ç¨‹","viewCount":33,"voteCount":2},{"category1Id":400,"category2Id":401,"cover":"image/cover1.png","description":"é›¶åŸºç¡€å…¥é—¨ SQL å¼€å‘ï¼Œä¼ä¸šçº§åº”ç”¨å¼€å‘æœ€ä½³é¦–é€‰æ¡†æ¶","docCount":4,"id":6,"name":"SqlServerå…¥é—¨æ•™ç¨‹","viewCount":35,"voteCount":2},{"category1Id":100,"category2Id":102,"cover":"image/cover1.png","description":"é›¶åŸºç¡€å…¥é—¨ JS å¼€å‘ï¼Œä¼ä¸šçº§åº”ç”¨å¼€å‘æœ€ä½³é¦–é€‰æ¡†æ¶","docCount":7,"id":7,"name":"JavaScriptå…¥é—¨æ•™ç¨‹","viewCount":47,"voteCount":4},{"category1Id":500,"category2Id":503,"cover":"image/cover1.png","description":"é›¶åŸºç¡€å…¥é—¨ Android å¼€å‘ï¼Œä¼ä¸šçº§åº”ç”¨å¼€å‘æœ€ä½³é¦–é€‰æ¡†æ¶","docCount":4,"id":8,"name":"Androidå…¥é—¨æ•™ç¨‹","viewCount":25,"voteCount":3},{"category1Id":500,"category2Id":502,"cover":"image/cover1.png","description":"é›¶åŸºç¡€å…¥é—¨ æ¶æ„ å¼€å‘ï¼Œä¼ä¸šçº§åº”ç”¨å¼€å‘æœ€ä½³é¦–é€‰æ¡†æ¶","docCount":2,"id":9,"name":"æ¶æ„å…¥é—¨æ•™ç¨‹","viewCount":33,"voteCount":5},{"category1Id":500,"category2Id":502,"cover":"image/cover1.png","description":"é›¶åŸºç¡€å…¥é—¨ ç½‘ç»œ å¼€å‘ï¼Œä¼ä¸šçº§åº”ç”¨å¼€å‘æœ€ä½³é¦–é€‰æ¡†æ¶","docCount":3,"id":10,"name":"ç½‘ç»œå…¥é—¨æ•™ç¨‹","viewCount":24,"voteCount":1}],"total":15},"success":true}
2021-05-17 10:46:47.631 INFO  com.zhuanye.wiki.aspect.LogAspect                 :91   [32m49326724676194304 [0;39m ------------- ç»“æŸ è€—æ—¶ï¼š22 ms -------------
2021-05-17 10:46:57.017 INFO  com.zhuanye.wiki.aspect.LogAspect                 :53   [32m49326764136206336 [0;39m ------------- å¼€å§‹ -------------
2021-05-17 10:46:57.017 INFO  com.zhuanye.wiki.aspect.LogAspect                 :54   [32m49326764136206336 [0;39m è¯·æ±‚åœ°å€: http://localhost:8080/ebook/list GET
2021-05-17 10:46:57.017 INFO  com.zhuanye.wiki.aspect.LogAspect                 :55   [32m49326764136206336 [0;39m ç±»åæ–¹æ³•: com.zhuanye.wiki.controller.EbookController.list
2021-05-17 10:46:57.017 INFO  com.zhuanye.wiki.aspect.LogAspect                 :56   [32m49326764136206336 [0;39m è¿œç¨‹åœ°å€: 127.0.0.1
2021-05-17 10:46:57.017 INFO  com.zhuanye.wiki.aspect.LogAspect                 :78   [32m49326764136206336 [0;39m è¯·æ±‚å‚æ•°: [{"name":"Vue","page":1,"size":10}]
2021-05-17 10:46:57.054 INFO  com.zhuanye.wiki.service.EbookService             :46   [32m49326764136206336 [0;39m æ€»è¡Œæ•°ï¼š1
2021-05-17 10:46:57.054 INFO  com.zhuanye.wiki.service.EbookService             :47   [32m49326764136206336 [0;39m æ€»é¡µæ•°ï¼š1
2021-05-17 10:46:57.054 INFO  com.zhuanye.wiki.aspect.LogAspect                 :90   [32m49326764136206336 [0;39m è¿”å›ç»“æœ: {"content":{"list":[{"category1Id":100,"category2Id":101,"cover":"web/public/image/cover2.png","description":"é›¶åŸºç¡€å…¥é—¨ Vue å¼€å‘ï¼Œä¼ä¸šçº§åº”ç”¨å¼€å‘æœ€ä½³é¦–é€‰æ¡†æ¶","docCount":2,"id":2,"name":"Vue å…¥é—¨æ•™ç¨‹","viewCount":12,"voteCount":2}],"total":1},"success":true}
2021-05-17 10:46:57.070 INFO  com.zhuanye.wiki.aspect.LogAspect                 :91   [32m49326764136206336 [0;39m ------------- ç»“æŸ è€—æ—¶ï¼š53 ms -------------
2021-05-17 10:47:05.009 INFO  com.zhuanye.wiki.job.DocJob                       :31   [32m49326797657083904 [0;39m æ›´æ–°ç”µå­ä¹¦ä¸‹çš„æ–‡æ¡£æ•°æ®å¼€å§‹
2021-05-17 10:47:05.009 INFO  com.zhuanye.wiki.job.DocJob                       :34   [32m49326797657083904 [0;39m æ›´æ–°ç”µå­ä¹¦ä¸‹çš„æ–‡æ¡£æ•°æ®ç»“æŸï¼Œè€—æ—¶ï¼š0æ¯«ç§’
2021-05-17 10:47:12.110 INFO  com.zhuanye.wiki.aspect.LogAspect                 :53   [32m49326827440836608 [0;39m ------------- å¼€å§‹ -------------
2021-05-17 10:47:12.110 INFO  com.zhuanye.wiki.aspect.LogAspect                 :54   [32m49326827440836608 [0;39m è¯·æ±‚åœ°å€: http://localhost:8080/ebook/save POST
2021-05-17 10:47:12.110 INFO  com.zhuanye.wiki.aspect.LogAspect                 :55   [32m49326827440836608 [0;39m ç±»åæ–¹æ³•: com.zhuanye.wiki.controller.EbookController.save
2021-05-17 10:47:12.110 INFO  com.zhuanye.wiki.aspect.LogAspect                 :56   [32m49326827440836608 [0;39m è¿œç¨‹åœ°å€: 127.0.0.1
2021-05-17 10:47:12.110 INFO  com.zhuanye.wiki.aspect.LogAspect                 :78   [32m49326827440836608 [0;39m è¯·æ±‚å‚æ•°: [{"category1Id":100,"category2Id":101,"cover":"ccc","description":"ccc","name":"ccc"}]
2021-05-17 10:47:12.279 INFO  com.zhuanye.wiki.aspect.LogAspect                 :90   [32m49326827440836608 [0;39m è¿”å›ç»“æœ: {"success":true}
2021-05-17 10:47:12.279 INFO  com.zhuanye.wiki.aspect.LogAspect                 :91   [32m49326827440836608 [0;39m ------------- ç»“æŸ è€—æ—¶ï¼š169 ms -------------
2021-05-17 10:47:12.357 INFO  com.zhuanye.wiki.aspect.LogAspect                 :53   [32m49326828476829696 [0;39m ------------- å¼€å§‹ -------------
2021-05-17 10:47:12.357 INFO  com.zhuanye.wiki.aspect.LogAspect                 :54   [32m49326828476829696 [0;39m è¯·æ±‚åœ°å€: http://localhost:8080/ebook/list GET
2021-05-17 10:47:12.357 INFO  com.zhuanye.wiki.aspect.LogAspect                 :55   [32m49326828476829696 [0;39m ç±»åæ–¹æ³•: com.zhuanye.wiki.controller.EbookController.list
2021-05-17 10:47:12.357 INFO  com.zhuanye.wiki.aspect.LogAspect                 :56   [32m49326828476829696 [0;39m è¿œç¨‹åœ°å€: 127.0.0.1
2021-05-17 10:47:12.357 INFO  com.zhuanye.wiki.aspect.LogAspect                 :78   [32m49326828476829696 [0;39m è¯·æ±‚å‚æ•°: [{"name":"","page":1,"size":10}]
2021-05-17 10:47:12.357 INFO  com.zhuanye.wiki.service.EbookService             :46   [32m49326828476829696 [0;39m æ€»è¡Œæ•°ï¼š16
2021-05-17 10:47:12.357 INFO  com.zhuanye.wiki.service.EbookService             :47   [32m49326828476829696 [0;39m æ€»é¡µæ•°ï¼š2
2021-05-17 10:47:12.357 INFO  com.zhuanye.wiki.aspect.LogAspect                 :90   [32m49326828476829696 [0;39m è¿”å›ç»“æœ: {"content":{"list":[{"category1Id":100,"category2Id":102,"cover":"web/public/image/cover1.png","description":"é›¶åŸºç¡€å…¥é—¨ Java å¼€å‘ï¼Œä¼ä¸šçº§åº”ç”¨å¼€å‘æœ€ä½³é¦–é€‰æ¡†æ¶","docCount":6,"id":1,"name":"Spring Boot 11","viewCount":0,"voteCount":0},{"category1Id":100,"category2Id":101,"cover":"web/public/image/cover2.png","description":"é›¶åŸºç¡€å…¥é—¨ Vue å¼€å‘ï¼Œä¼ä¸šçº§åº”ç”¨å¼€å‘æœ€ä½³é¦–é€‰æ¡†æ¶","docCount":2,"id":2,"name":"Vue å…¥é—¨æ•™ç¨‹","viewCount":12,"voteCount":2},{"category1Id":300,"category2Id":301,"cover":"web/public/image/cover2.png","description":"é›¶åŸºç¡€å…¥é—¨ Python å¼€å‘ï¼Œä¼ä¸šçº§åº”ç”¨å¼€å‘æœ€ä½³é¦–é€‰æ¡†æ¶","docCount":3,"id":3,"name":"Python å…¥é—¨æ•™ç¨‹","viewCount":11,"voteCount":5},{"category1Id":400,"category2Id":401,"cover":"web/public/image/cover2.png","description":"é›¶åŸºç¡€å…¥é—¨ Mysql å¼€å‘ï¼Œä¼ä¸šçº§åº”ç”¨å¼€å‘æœ€ä½³é¦–é€‰æ¡†æ¶","docCount":3,"id":4,"name":"Mysql å…¥é—¨æ•™ç¨‹","viewCount":44,"voteCount":1},{"category1Id":400,"category2Id":401,"cover":"image/cover2.png","description":"é›¶åŸºç¡€å…¥é—¨ Oracle å¼€å‘ï¼Œä¼ä¸šçº§åº”ç”¨å¼€å‘æœ€ä½³é¦–é€‰æ¡†æ¶","docCount":2,"id":5,"name":"Oracleå…¥é—¨æ•™ç¨‹","viewCount":33,"voteCount":2},{"category1Id":400,"category2Id":401,"cover":"image/cover1.png","description":"é›¶åŸºç¡€å…¥é—¨ SQL å¼€å‘ï¼Œä¼ä¸šçº§åº”ç”¨å¼€å‘æœ€ä½³é¦–é€‰æ¡†æ¶","docCount":4,"id":6,"name":"SqlServerå…¥é—¨æ•™ç¨‹","viewCount":35,"voteCount":2},{"category1Id":100,"category2Id":102,"cover":"image/cover1.png","description":"é›¶åŸºç¡€å…¥é—¨ JS å¼€å‘ï¼Œä¼ä¸šçº§åº”ç”¨å¼€å‘æœ€ä½³é¦–é€‰æ¡†æ¶","docCount":7,"id":7,"name":"JavaScriptå…¥é—¨æ•™ç¨‹","viewCount":47,"voteCount":4},{"category1Id":500,"category2Id":503,"cover":"image/cover1.png","description":"é›¶åŸºç¡€å…¥é—¨ Android å¼€å‘ï¼Œä¼ä¸šçº§åº”ç”¨å¼€å‘æœ€ä½³é¦–é€‰æ¡†æ¶","docCount":4,"id":8,"name":"Androidå…¥é—¨æ•™ç¨‹","viewCount":25,"voteCount":3},{"category1Id":500,"category2Id":502,"cover":"image/cover1.png","description":"é›¶åŸºç¡€å…¥é—¨ æ¶æ„ å¼€å‘ï¼Œä¼ä¸šçº§åº”ç”¨å¼€å‘æœ€ä½³é¦–é€‰æ¡†æ¶","docCount":2,"id":9,"name":"æ¶æ„å…¥é—¨æ•™ç¨‹","viewCount":33,"voteCount":5},{"category1Id":500,"category2Id":502,"cover":"image/cover1.png","description":"é›¶åŸºç¡€å…¥é—¨ ç½‘ç»œ å¼€å‘ï¼Œä¼ä¸šçº§åº”ç”¨å¼€å‘æœ€ä½³é¦–é€‰æ¡†æ¶","docCount":3,"id":10,"name":"ç½‘ç»œå…¥é—¨æ•™ç¨‹","viewCount":24,"voteCount":1}],"total":16},"success":true}
2021-05-17 10:47:12.357 INFO  com.zhuanye.wiki.aspect.LogAspect                 :91   [32m49326828476829696 [0;39m ------------- ç»“æŸ è€—æ—¶ï¼š0 ms -------------
2021-05-17 10:47:15.129 INFO  com.zhuanye.wiki.aspect.LogAspect                 :53   [32m49326840103440384 [0;39m ------------- å¼€å§‹ -------------
2021-05-17 10:47:15.129 INFO  com.zhuanye.wiki.aspect.LogAspect                 :54   [32m49326840103440384 [0;39m è¯·æ±‚åœ°å€: http://localhost:8080/ebook/list GET
2021-05-17 10:47:15.129 INFO  com.zhuanye.wiki.aspect.LogAspect                 :55   [32m49326840103440384 [0;39m ç±»åæ–¹æ³•: com.zhuanye.wiki.controller.EbookController.list
2021-05-17 10:47:15.129 INFO  com.zhuanye.wiki.aspect.LogAspect                 :56   [32m49326840103440384 [0;39m è¿œç¨‹åœ°å€: 127.0.0.1
2021-05-17 10:47:15.129 INFO  com.zhuanye.wiki.aspect.LogAspect                 :78   [32m49326840103440384 [0;39m è¯·æ±‚å‚æ•°: [{"name":"","page":2,"size":10}]
2021-05-17 10:47:15.129 INFO  com.zhuanye.wiki.service.EbookService             :46   [32m49326840103440384 [0;39m æ€»è¡Œæ•°ï¼š16
2021-05-17 10:47:15.129 INFO  com.zhuanye.wiki.service.EbookService             :47   [32m49326840103440384 [0;39m æ€»é¡µæ•°ï¼š2
2021-05-17 10:47:15.129 INFO  com.zhuanye.wiki.aspect.LogAspect                 :90   [32m49326840103440384 [0;39m è¿”å›ç»“æœ: {"content":{"list":[{"category1Id":500,"category2Id":502,"cover":"image/cover1.png","description":"ç®—æ³•","docCount":3,"id":11,"name":"ç®—æ³•","viewCount":24,"voteCount":2},{"category1Id":100,"category2Id":101,"cover":"image/cover1.png","description":"é›¶åŸºç¡€å…¥é—¨ Node å¼€å‘ï¼Œä¼ä¸šçº§åº”ç”¨å¼€å‘æœ€ä½³é¦–é€‰æ¡†æ¶","docCount":2,"id":12,"name":"Nodeå…¥é—¨æ•™ç¨‹","viewCount":43,"voteCount":4},{"category1Id":100,"category2Id":102,"cover":"image/cover2.png","description":"é›¶åŸºç¡€å…¥é—¨ Php å¼€å‘ï¼Œä¼ä¸šçº§åº”ç”¨å¼€å‘æœ€ä½³é¦–é€‰æ¡†æ¶","docCount":4,"id":13,"name":"Phpå…¥é—¨æ•™ç¨‹","viewCount":15,"voteCount":1},{"category1Id":400,"category2Id":401,"cover":"aaa","description":"aaa","docCount":1,"id":14,"name":"aaa","viewCount":1,"voteCount":1},{"category1Id":400,"category2Id":401,"cover":"bbb","description":"bbb","docCount":1,"id":15,"name":"bbb","viewCount":1,"voteCount":1},{"category1Id":100,"category2Id":101,"cover":"ccc","description":"ccc","docCount":1,"id":49326827503751168,"name":"ccc","viewCount":1,"voteCount":1}],"total":16},"success":true}
2021-05-17 10:47:15.129 INFO  com.zhuanye.wiki.aspect.LogAspect                 :91   [32m49326840103440384 [0;39m ------------- ç»“æŸ è€—æ—¶ï¼š0 ms -------------
2021-05-17 10:47:19.372 INFO  com.zhuanye.wiki.aspect.LogAspect                 :53   [32m49326857899872256 [0;39m ------------- å¼€å§‹ -------------
2021-05-17 10:47:19.372 INFO  com.zhuanye.wiki.aspect.LogAspect                 :54   [32m49326857899872256 [0;39m è¯·æ±‚åœ°å€: http://localhost:8080/ebook/delete/49326827503751170 DELETE
2021-05-17 10:47:19.372 INFO  com.zhuanye.wiki.aspect.LogAspect                 :55   [32m49326857899872256 [0;39m ç±»åæ–¹æ³•: com.zhuanye.wiki.controller.EbookController.delete
2021-05-17 10:47:19.372 INFO  com.zhuanye.wiki.aspect.LogAspect                 :56   [32m49326857899872256 [0;39m è¿œç¨‹åœ°å€: 127.0.0.1
2021-05-17 10:47:19.372 INFO  com.zhuanye.wiki.aspect.LogAspect                 :78   [32m49326857899872256 [0;39m è¯·æ±‚å‚æ•°: [49326827503751170]
2021-05-17 10:47:19.510 INFO  com.zhuanye.wiki.aspect.LogAspect                 :90   [32m49326857899872256 [0;39m è¿”å›ç»“æœ: {"success":true}
2021-05-17 10:47:19.510 INFO  com.zhuanye.wiki.aspect.LogAspect                 :91   [32m49326857899872256 [0;39m ------------- ç»“æŸ è€—æ—¶ï¼š138 ms -------------
2021-05-17 10:47:19.557 INFO  com.zhuanye.wiki.aspect.LogAspect                 :53   [32m49326858675818496 [0;39m ------------- å¼€å§‹ -------------
2021-05-17 10:47:19.557 INFO  com.zhuanye.wiki.aspect.LogAspect                 :54   [32m49326858675818496 [0;39m è¯·æ±‚åœ°å€: http://localhost:8080/ebook/list GET
2021-05-17 10:47:19.557 INFO  com.zhuanye.wiki.aspect.LogAspect                 :55   [32m49326858675818496 [0;39m ç±»åæ–¹æ³•: com.zhuanye.wiki.controller.EbookController.list
2021-05-17 10:47:19.557 INFO  com.zhuanye.wiki.aspect.LogAspect                 :56   [32m49326858675818496 [0;39m è¿œç¨‹åœ°å€: 127.0.0.1
2021-05-17 10:47:19.557 INFO  com.zhuanye.wiki.aspect.LogAspect                 :78   [32m49326858675818496 [0;39m è¯·æ±‚å‚æ•°: [{"name":"","page":2,"size":10}]
2021-05-17 10:47:19.572 INFO  com.zhuanye.wiki.service.EbookService             :46   [32m49326858675818496 [0;39m æ€»è¡Œæ•°ï¼š16
2021-05-17 10:47:19.572 INFO  com.zhuanye.wiki.service.EbookService             :47   [32m49326858675818496 [0;39m æ€»é¡µæ•°ï¼š2
2021-05-17 10:47:19.572 INFO  com.zhuanye.wiki.aspect.LogAspect                 :90   [32m49326858675818496 [0;39m è¿”å›ç»“æœ: {"content":{"list":[{"category1Id":500,"category2Id":502,"cover":"image/cover1.png","description":"ç®—æ³•","docCount":3,"id":11,"name":"ç®—æ³•","viewCount":24,"voteCount":2},{"category1Id":100,"category2Id":101,"cover":"image/cover1.png","description":"é›¶åŸºç¡€å…¥é—¨ Node å¼€å‘ï¼Œä¼ä¸šçº§åº”ç”¨å¼€å‘æœ€ä½³é¦–é€‰æ¡†æ¶","docCount":2,"id":12,"name":"Nodeå…¥é—¨æ•™ç¨‹","viewCount":43,"voteCount":4},{"category1Id":100,"category2Id":102,"cover":"image/cover2.png","description":"é›¶åŸºç¡€å…¥é—¨ Php å¼€å‘ï¼Œä¼ä¸šçº§åº”ç”¨å¼€å‘æœ€ä½³é¦–é€‰æ¡†æ¶","docCount":4,"id":13,"name":"Phpå…¥é—¨æ•™ç¨‹","viewCount":15,"voteCount":1},{"category1Id":400,"category2Id":401,"cover":"aaa","description":"aaa","docCount":1,"id":14,"name":"aaa","viewCount":1,"voteCount":1},{"category1Id":400,"category2Id":401,"cover":"bbb","description":"bbb","docCount":1,"id":15,"name":"bbb","viewCount":1,"voteCount":1},{"category1Id":100,"category2Id":101,"cover":"ccc","description":"ccc","docCount":1,"id":49326827503751168,"name":"ccc","viewCount":1,"voteCount":1}],"total":16},"success":true}
2021-05-17 10:47:19.572 INFO  com.zhuanye.wiki.aspect.LogAspect                 :91   [32m49326858675818496 [0;39m ------------- ç»“æŸ è€—æ—¶ï¼š15 ms -------------
2021-05-17 10:47:25.374 INFO  com.zhuanye.wiki.aspect.LogAspect                 :53   [32m49326883074084864 [0;39m ------------- å¼€å§‹ -------------
2021-05-17 10:47:25.374 INFO  com.zhuanye.wiki.aspect.LogAspect                 :54   [32m49326883074084864 [0;39m è¯·æ±‚åœ°å€: http://localhost:8080/ebook/delete/15 DELETE
2021-05-17 10:47:25.374 INFO  com.zhuanye.wiki.aspect.LogAspect                 :55   [32m49326883074084864 [0;39m ç±»åæ–¹æ³•: com.zhuanye.wiki.controller.EbookController.delete
2021-05-17 10:47:25.374 INFO  com.zhuanye.wiki.aspect.LogAspect                 :56   [32m49326883074084864 [0;39m è¿œç¨‹åœ°å€: 127.0.0.1
2021-05-17 10:47:25.374 INFO  com.zhuanye.wiki.aspect.LogAspect                 :78   [32m49326883074084864 [0;39m è¯·æ±‚å‚æ•°: [15]
2021-05-17 10:47:25.459 INFO  com.zhuanye.wiki.aspect.LogAspect                 :90   [32m49326883074084864 [0;39m è¿”å›ç»“æœ: {"success":true}
2021-05-17 10:47:25.459 INFO  com.zhuanye.wiki.aspect.LogAspect                 :91   [32m49326883074084864 [0;39m ------------- ç»“æŸ è€—æ—¶ï¼š85 ms -------------
2021-05-17 10:47:25.490 INFO  com.zhuanye.wiki.aspect.LogAspect                 :53   [32m49326883560624128 [0;39m ------------- å¼€å§‹ -------------
2021-05-17 10:47:25.490 INFO  com.zhuanye.wiki.aspect.LogAspect                 :54   [32m49326883560624128 [0;39m è¯·æ±‚åœ°å€: http://localhost:8080/ebook/list GET
2021-05-17 10:47:25.506 INFO  com.zhuanye.wiki.aspect.LogAspect                 :55   [32m49326883560624128 [0;39m ç±»åæ–¹æ³•: com.zhuanye.wiki.controller.EbookController.list
2021-05-17 10:47:25.506 INFO  com.zhuanye.wiki.aspect.LogAspect                 :56   [32m49326883560624128 [0;39m è¿œç¨‹åœ°å€: 127.0.0.1
2021-05-17 10:47:25.506 INFO  com.zhuanye.wiki.aspect.LogAspect                 :78   [32m49326883560624128 [0;39m è¯·æ±‚å‚æ•°: [{"name":"","page":2,"size":10}]
2021-05-17 10:47:25.512 INFO  com.zhuanye.wiki.service.EbookService             :46   [32m49326883560624128 [0;39m æ€»è¡Œæ•°ï¼š15
2021-05-17 10:47:25.512 INFO  com.zhuanye.wiki.service.EbookService             :47   [32m49326883560624128 [0;39m æ€»é¡µæ•°ï¼š2
2021-05-17 10:47:25.512 INFO  com.zhuanye.wiki.aspect.LogAspect                 :90   [32m49326883560624128 [0;39m è¿”å›ç»“æœ: {"content":{"list":[{"category1Id":500,"category2Id":502,"cover":"image/cover1.png","description":"ç®—æ³•","docCount":3,"id":11,"name":"ç®—æ³•","viewCount":24,"voteCount":2},{"category1Id":100,"category2Id":101,"cover":"image/cover1.png","description":"é›¶åŸºç¡€å…¥é—¨ Node å¼€å‘ï¼Œä¼ä¸šçº§åº”ç”¨å¼€å‘æœ€ä½³é¦–é€‰æ¡†æ¶","docCount":2,"id":12,"name":"Nodeå…¥é—¨æ•™ç¨‹","viewCount":43,"voteCount":4},{"category1Id":100,"category2Id":102,"cover":"image/cover2.png","description":"é›¶åŸºç¡€å…¥é—¨ Php å¼€å‘ï¼Œä¼ä¸šçº§åº”ç”¨å¼€å‘æœ€ä½³é¦–é€‰æ¡†æ¶","docCount":4,"id":13,"name":"Phpå…¥é—¨æ•™ç¨‹","viewCount":15,"voteCount":1},{"category1Id":400,"category2Id":401,"cover":"aaa","description":"aaa","docCount":1,"id":14,"name":"aaa","viewCount":1,"voteCount":1},{"category1Id":100,"category2Id":101,"cover":"ccc","description":"ccc","docCount":1,"id":49326827503751168,"name":"ccc","viewCount":1,"voteCount":1}],"total":15},"success":true}
2021-05-17 10:47:25.512 INFO  com.zhuanye.wiki.aspect.LogAspect                 :91   [32m49326883560624128 [0;39m ------------- ç»“æŸ è€—æ—¶ï¼š22 ms -------------
2021-05-17 10:47:35.017 INFO  com.zhuanye.wiki.job.DocJob                       :31   [32m49326923519758336 [0;39m æ›´æ–°ç”µå­ä¹¦ä¸‹çš„æ–‡æ¡£æ•°æ®å¼€å§‹
2021-05-17 10:47:35.017 INFO  com.zhuanye.wiki.job.DocJob                       :34   [32m49326923519758336 [0;39m æ›´æ–°ç”µå­ä¹¦ä¸‹çš„æ–‡æ¡£æ•°æ®ç»“æŸï¼Œè€—æ—¶ï¼š0æ¯«ç§’
2021-05-17 10:47:35.519 INFO  com.zhuanye.wiki.aspect.LogAspect                 :53   [32m49326925625298944 [0;39m ------------- å¼€å§‹ -------------
2021-05-17 10:47:35.535 INFO  com.zhuanye.wiki.aspect.LogAspect                 :54   [32m49326925625298944 [0;39m è¯·æ±‚åœ°å€: http://localhost:8080/ebook/save POST
2021-05-17 10:47:35.535 INFO  com.zhuanye.wiki.aspect.LogAspect                 :55   [32m49326925625298944 [0;39m ç±»åæ–¹æ³•: com.zhuanye.wiki.controller.EbookController.save
2021-05-17 10:47:35.535 INFO  com.zhuanye.wiki.aspect.LogAspect                 :56   [32m49326925625298944 [0;39m è¿œç¨‹åœ°å€: 127.0.0.1
2021-05-17 10:47:35.535 INFO  com.zhuanye.wiki.aspect.LogAspect                 :78   [32m49326925625298944 [0;39m è¯·æ±‚å‚æ•°: [{"category1Id":100,"category2Id":101,"cover":"ccc","description":"new","docCount":1,"id":49326827503751170,"name":"ccc","viewCount":1,"voteCount":1}]
2021-05-17 10:47:35.535 INFO  com.zhuanye.wiki.aspect.LogAspect                 :90   [32m49326925625298944 [0;39m è¿”å›ç»“æœ: {"success":true}
2021-05-17 10:47:35.535 INFO  com.zhuanye.wiki.aspect.LogAspect                 :91   [32m49326925625298944 [0;39m ------------- ç»“æŸ è€—æ—¶ï¼š16 ms -------------
2021-05-17 10:47:35.604 INFO  com.zhuanye.wiki.aspect.LogAspect                 :53   [32m49326925981814784 [0;39m ------------- å¼€å§‹ -------------
2021-05-17 10:47:35.604 INFO  com.zhuanye.wiki.aspect.LogAspect                 :54   [32m49326925981814784 [0;39m è¯·æ±‚åœ°å€: http://localhost:8080/ebook/list GET
2021-05-17 10:47:35.604 INFO  com.zhuanye.wiki.aspect.LogAspect                 :55   [32m49326925981814784 [0;39m ç±»åæ–¹æ³•: com.zhuanye.wiki.controller.EbookController.list
2021-05-17 10:47:35.604 INFO  com.zhuanye.wiki.aspect.LogAspect                 :56   [32m49326925981814784 [0;39m è¿œç¨‹åœ°å€: 127.0.0.1
2021-05-17 10:47:35.604 INFO  com.zhuanye.wiki.aspect.LogAspect                 :78   [32m49326925981814784 [0;39m è¯·æ±‚å‚æ•°: [{"name":"","page":2,"size":10}]
2021-05-17 10:47:35.604 INFO  com.zhuanye.wiki.service.EbookService             :46   [32m49326925981814784 [0;39m æ€»è¡Œæ•°ï¼š15
2021-05-17 10:47:35.604 INFO  com.zhuanye.wiki.service.EbookService             :47   [32m49326925981814784 [0;39m æ€»é¡µæ•°ï¼š2
2021-05-17 10:47:35.619 INFO  com.zhuanye.wiki.aspect.LogAspect                 :90   [32m49326925981814784 [0;39m è¿”å›ç»“æœ: {"content":{"list":[{"category1Id":500,"category2Id":502,"cover":"image/cover1.png","description":"ç®—æ³•","docCount":3,"id":11,"name":"ç®—æ³•","viewCount":24,"voteCount":2},{"category1Id":100,"category2Id":101,"cover":"image/cover1.png","description":"é›¶åŸºç¡€å…¥é—¨ Node å¼€å‘ï¼Œä¼ä¸šçº§åº”ç”¨å¼€å‘æœ€ä½³é¦–é€‰æ¡†æ¶","docCount":2,"id":12,"name":"Nodeå…¥é—¨æ•™ç¨‹","viewCount":43,"voteCount":4},{"category1Id":100,"category2Id":102,"cover":"image/cover2.png","description":"é›¶åŸºç¡€å…¥é—¨ Php å¼€å‘ï¼Œä¼ä¸šçº§åº”ç”¨å¼€å‘æœ€ä½³é¦–é€‰æ¡†æ¶","docCount":4,"id":13,"name":"Phpå…¥é—¨æ•™ç¨‹","viewCount":15,"voteCount":1},{"category1Id":400,"category2Id":401,"cover":"aaa","description":"aaa","docCount":1,"id":14,"name":"aaa","viewCount":1,"voteCount":1},{"category1Id":100,"category2Id":101,"cover":"ccc","description":"ccc","docCount":1,"id":49326827503751168,"name":"ccc","viewCount":1,"voteCount":1}],"total":15},"success":true}
2021-05-17 10:47:35.619 INFO  com.zhuanye.wiki.aspect.LogAspect                 :91   [32m49326925981814784 [0;39m ------------- ç»“æŸ è€—æ—¶ï¼š15 ms -------------
2021-05-17 10:47:54.523 INFO  com.zhuanye.wiki.aspect.LogAspect                 :53   [32m49327005333852160 [0;39m ------------- å¼€å§‹ -------------
2021-05-17 10:47:54.523 INFO  com.zhuanye.wiki.aspect.LogAspect                 :54   [32m49327005333852160 [0;39m è¯·æ±‚åœ°å€: http://localhost:8080/ebook/save POST
2021-05-17 10:47:54.523 INFO  com.zhuanye.wiki.aspect.LogAspect                 :55   [32m49327005333852160 [0;39m ç±»åæ–¹æ³•: com.zhuanye.wiki.controller.EbookController.save
2021-05-17 10:47:54.523 INFO  com.zhuanye.wiki.aspect.LogAspect                 :56   [32m49327005333852160 [0;39m è¿œç¨‹åœ°å€: 127.0.0.1
2021-05-17 10:47:54.523 INFO  com.zhuanye.wiki.aspect.LogAspect                 :78   [32m49327005333852160 [0;39m è¯·æ±‚å‚æ•°: [{"category1Id":400,"category2Id":401,"cover":"aaa","description":"new","docCount":1,"id":14,"name":"new","viewCount":1,"voteCount":1}]
2021-05-17 10:47:54.638 INFO  com.zhuanye.wiki.aspect.LogAspect                 :90   [32m49327005333852160 [0;39m è¿”å›ç»“æœ: {"success":true}
2021-05-17 10:47:54.638 INFO  com.zhuanye.wiki.aspect.LogAspect                 :91   [32m49327005333852160 [0;39m ------------- ç»“æŸ è€—æ—¶ï¼š115 ms -------------
2021-05-17 10:47:54.723 INFO  com.zhuanye.wiki.aspect.LogAspect                 :53   [32m49327006172712960 [0;39m ------------- å¼€å§‹ -------------
2021-05-17 10:47:54.723 INFO  com.zhuanye.wiki.aspect.LogAspect                 :54   [32m49327006172712960 [0;39m è¯·æ±‚åœ°å€: http://localhost:8080/ebook/list GET
2021-05-17 10:47:54.723 INFO  com.zhuanye.wiki.aspect.LogAspect                 :55   [32m49327006172712960 [0;39m ç±»åæ–¹æ³•: com.zhuanye.wiki.controller.EbookController.list
2021-05-17 10:47:54.723 INFO  com.zhuanye.wiki.aspect.LogAspect                 :56   [32m49327006172712960 [0;39m è¿œç¨‹åœ°å€: 127.0.0.1
2021-05-17 10:47:54.723 INFO  com.zhuanye.wiki.aspect.LogAspect                 :78   [32m49327006172712960 [0;39m è¯·æ±‚å‚æ•°: [{"name":"","page":2,"size":10}]
2021-05-17 10:47:54.738 INFO  com.zhuanye.wiki.service.EbookService             :46   [32m49327006172712960 [0;39m æ€»è¡Œæ•°ï¼š15
2021-05-17 10:47:54.738 INFO  com.zhuanye.wiki.service.EbookService             :47   [32m49327006172712960 [0;39m æ€»é¡µæ•°ï¼š2
2021-05-17 10:47:54.738 INFO  com.zhuanye.wiki.aspect.LogAspect                 :90   [32m49327006172712960 [0;39m è¿”å›ç»“æœ: {"content":{"list":[{"category1Id":500,"category2Id":502,"cover":"image/cover1.png","description":"ç®—æ³•","docCount":3,"id":11,"name":"ç®—æ³•","viewCount":24,"voteCount":2},{"category1Id":100,"category2Id":101,"cover":"image/cover1.png","description":"é›¶åŸºç¡€å…¥é—¨ Node å¼€å‘ï¼Œä¼ä¸šçº§åº”ç”¨å¼€å‘æœ€ä½³é¦–é€‰æ¡†æ¶","docCount":2,"id":12,"name":"Nodeå…¥é—¨æ•™ç¨‹","viewCount":43,"voteCount":4},{"category1Id":100,"category2Id":102,"cover":"image/cover2.png","description":"é›¶åŸºç¡€å…¥é—¨ Php å¼€å‘ï¼Œä¼ä¸šçº§åº”ç”¨å¼€å‘æœ€ä½³é¦–é€‰æ¡†æ¶","docCount":4,"id":13,"name":"Phpå…¥é—¨æ•™ç¨‹","viewCount":15,"voteCount":1},{"category1Id":400,"category2Id":401,"cover":"aaa","description":"new","docCount":1,"id":14,"name":"new","viewCount":1,"voteCount":1},{"category1Id":100,"category2Id":101,"cover":"ccc","description":"ccc","docCount":1,"id":49326827503751168,"name":"ccc","viewCount":1,"voteCount":1}],"total":15},"success":true}
2021-05-17 10:47:54.738 INFO  com.zhuanye.wiki.aspect.LogAspect                 :91   [32m49327006172712960 [0;39m ------------- ç»“æŸ è€—æ—¶ï¼š15 ms -------------
2021-05-17 10:47:58.619 INFO  com.zhuanye.wiki.aspect.LogAspect                 :53   [32m49327022513721344 [0;39m ------------- å¼€å§‹ -------------
2021-05-17 10:47:58.619 INFO  com.zhuanye.wiki.aspect.LogAspect                 :54   [32m49327022513721344 [0;39m è¯·æ±‚åœ°å€: http://localhost:8080/user/list GET
2021-05-17 10:47:58.619 INFO  com.zhuanye.wiki.aspect.LogAspect                 :55   [32m49327022513721344 [0;39m ç±»åæ–¹æ³•: com.zhuanye.wiki.controller.UserController.list
2021-05-17 10:47:58.619 INFO  com.zhuanye.wiki.aspect.LogAspect                 :56   [32m49327022513721344 [0;39m è¿œç¨‹åœ°å€: 127.0.0.1
2021-05-17 10:47:58.619 INFO  com.zhuanye.wiki.aspect.LogAspect                 :78   [32m49327022513721344 [0;39m è¯·æ±‚å‚æ•°: [{"page":1,"size":10}]
2021-05-17 10:47:58.635 INFO  com.zhuanye.wiki.service.UserService              :49   [32m49327022513721344 [0;39m æ€»è¡Œæ•°ï¼š5
2021-05-17 10:47:58.635 INFO  com.zhuanye.wiki.service.UserService              :50   [32m49327022513721344 [0;39m æ€»é¡µæ•°ï¼š1
2021-05-17 10:47:58.654 INFO  com.zhuanye.wiki.aspect.LogAspect                 :90   [32m49327022513721344 [0;39m è¿”å›ç»“æœ: {"content":{"list":[{"id":1,"loginName":"test","name":"ç®¡ç†å‘˜"},{"id":2,"loginName":"cyj","name":"test"},{"id":3,"loginName":"å´”é›…é™","name":"å´”é›…é™"},{"id":4,"loginName":"aaa","name":"aaa"},{"id":5,"loginName":"bbb","name":"bbb"}],"total":5},"success":true}
2021-05-17 10:47:58.655 INFO  com.zhuanye.wiki.aspect.LogAspect                 :91   [32m49327022513721344 [0;39m ------------- ç»“æŸ è€—æ—¶ï¼š36 ms -------------
2021-05-17 10:48:02.388 INFO  com.zhuanye.wiki.aspect.LogAspect                 :53   [32m49327038322053120 [0;39m ------------- å¼€å§‹ -------------
2021-05-17 10:48:02.388 INFO  com.zhuanye.wiki.aspect.LogAspect                 :54   [32m49327038322053120 [0;39m è¯·æ±‚åœ°å€: http://localhost:8080/user/logout/49326684754808832 GET
2021-05-17 10:48:02.388 INFO  com.zhuanye.wiki.aspect.LogAspect                 :55   [32m49327038322053120 [0;39m ç±»åæ–¹æ³•: com.zhuanye.wiki.controller.UserController.logout
2021-05-17 10:48:02.388 INFO  com.zhuanye.wiki.aspect.LogAspect                 :56   [32m49327038322053120 [0;39m è¿œç¨‹åœ°å€: 127.0.0.1
2021-05-17 10:48:02.388 INFO  com.zhuanye.wiki.aspect.LogAspect                 :78   [32m49327038322053120 [0;39m è¯·æ±‚å‚æ•°: ["49326684754808832"]
2021-05-17 10:48:02.472 INFO  com.zhuanye.wiki.controller.UserController        :89   [32m49327038322053120 [0;39m ä»redisä¸­åˆ é™¤token: 49326684754808832
2021-05-17 10:48:02.472 INFO  com.zhuanye.wiki.aspect.LogAspect                 :90   [32m49327038322053120 [0;39m è¿”å›ç»“æœ: {"success":true}
2021-05-17 10:48:02.472 INFO  com.zhuanye.wiki.aspect.LogAspect                 :91   [32m49327038322053120 [0;39m ------------- ç»“æŸ è€—æ—¶ï¼š84 ms -------------
2021-05-17 10:48:05.012 INFO  com.zhuanye.wiki.job.DocJob                       :31   [32m49327049327906816 [0;39m æ›´æ–°ç”µå­ä¹¦ä¸‹çš„æ–‡æ¡£æ•°æ®å¼€å§‹
2021-05-17 10:48:05.012 INFO  com.zhuanye.wiki.job.DocJob                       :34   [32m49327049327906816 [0;39m æ›´æ–°ç”µå­ä¹¦ä¸‹çš„æ–‡æ¡£æ•°æ®ç»“æŸï¼Œè€—æ—¶ï¼š0æ¯«ç§’
2021-05-17 10:48:35.011 INFO  com.zhuanye.wiki.job.DocJob                       :31   [32m49327175152832512 [0;39m æ›´æ–°ç”µå­ä¹¦ä¸‹çš„æ–‡æ¡£æ•°æ®å¼€å§‹
2021-05-17 10:48:35.011 INFO  com.zhuanye.wiki.job.DocJob                       :34   [32m49327175152832512 [0;39m æ›´æ–°ç”µå­ä¹¦ä¸‹çš„æ–‡æ¡£æ•°æ®ç»“æŸï¼Œè€—æ—¶ï¼š0æ¯«ç§’
2021-05-17 10:49:02.206 INFO  com.zhuanye.wiki.aspect.LogAspect                 :53   [32m49327289216929792 [0;39m ------------- å¼€å§‹ -------------
2021-05-17 10:49:02.206 INFO  com.zhuanye.wiki.aspect.LogAspect                 :54   [32m49327289216929792 [0;39m è¯·æ±‚åœ°å€: http://localhost:8080/user/login POST
2021-05-17 10:49:02.206 INFO  com.zhuanye.wiki.aspect.LogAspect                 :55   [32m49327289216929792 [0;39m ç±»åæ–¹æ³•: com.zhuanye.wiki.controller.UserController.login
2021-05-17 10:49:02.206 INFO  com.zhuanye.wiki.aspect.LogAspect                 :56   [32m49327289216929792 [0;39m è¿œç¨‹åœ°å€: 127.0.0.1
2021-05-17 10:49:02.206 INFO  com.zhuanye.wiki.aspect.LogAspect                 :78   [32m49327289216929792 [0;39m è¯·æ±‚å‚æ•°: [{"loginName":"test"}]
2021-05-17 10:49:02.206 INFO  com.zhuanye.wiki.service.UserService              :135  [32m49327289216929792 [0;39m å¯†ç ä¸å¯¹, è¾“å…¥å¯†ç ï¼š51d6a530fa191428c43cd9e916854783, æ•°æ®åº“å¯†ç ï¼še70e2222a9d67c4f2eae107533359aa4
2021-05-17 10:49:02.222 WARN  c.z.wiki.controller.ControllerExceptionHandler    :44   [32m49327289216929792 [0;39m ä¸šåŠ¡å¼‚å¸¸ï¼šç”¨æˆ·åä¸å­˜åœ¨æˆ–å¯†ç é”™è¯¯
2021-05-17 10:49:02.222 WARN  o.s.w.s.m.m.a.ExceptionHandlerExceptionResolver   :207  [32m49327289216929792 [0;39m Resolved [com.zhuanye.wiki.exception.BusinessException: ç”¨æˆ·åä¸å­˜åœ¨æˆ–å¯†ç é”™è¯¯]
2021-05-17 10:49:05.014 INFO  com.zhuanye.wiki.job.DocJob                       :31   [32m49327300994535424 [0;39m æ›´æ–°ç”µå­ä¹¦ä¸‹çš„æ–‡æ¡£æ•°æ®å¼€å§‹
2021-05-17 10:49:05.014 INFO  com.zhuanye.wiki.job.DocJob                       :34   [32m49327300994535424 [0;39m æ›´æ–°ç”µå­ä¹¦ä¸‹çš„æ–‡æ¡£æ•°æ®ç»“æŸï¼Œè€—æ—¶ï¼š0æ¯«ç§’
2021-05-17 10:49:19.457 INFO  com.zhuanye.wiki.aspect.LogAspect                 :53   [32m49327361572868096 [0;39m ------------- å¼€å§‹ -------------
2021-05-17 10:49:19.457 INFO  com.zhuanye.wiki.aspect.LogAspect                 :54   [32m49327361572868096 [0;39m è¯·æ±‚åœ°å€: http://localhost:8080/user/login POST
2021-05-17 10:49:19.457 INFO  com.zhuanye.wiki.aspect.LogAspect                 :55   [32m49327361572868096 [0;39m ç±»åæ–¹æ³•: com.zhuanye.wiki.controller.UserController.login
2021-05-17 10:49:19.457 INFO  com.zhuanye.wiki.aspect.LogAspect                 :56   [32m49327361572868096 [0;39m è¿œç¨‹åœ°å€: 127.0.0.1
2021-05-17 10:49:19.457 INFO  com.zhuanye.wiki.aspect.LogAspect                 :78   [32m49327361572868096 [0;39m è¯·æ±‚å‚æ•°: [{"loginName":"test"}]
2021-05-17 10:49:19.457 INFO  com.zhuanye.wiki.service.UserService              :135  [32m49327361572868096 [0;39m å¯†ç ä¸å¯¹, è¾“å…¥å¯†ç ï¼š16b7547ffac96fa9af660d3e13a1069f, æ•°æ®åº“å¯†ç ï¼še70e2222a9d67c4f2eae107533359aa4
2021-05-17 10:49:19.457 WARN  c.z.wiki.controller.ControllerExceptionHandler    :44   [32m49327361572868096 [0;39m ä¸šåŠ¡å¼‚å¸¸ï¼šç”¨æˆ·åä¸å­˜åœ¨æˆ–å¯†ç é”™è¯¯
2021-05-17 10:49:19.473 WARN  o.s.w.s.m.m.a.ExceptionHandlerExceptionResolver   :207  [32m49327361572868096 [0;39m Resolved [com.zhuanye.wiki.exception.BusinessException: ç”¨æˆ·åä¸å­˜åœ¨æˆ–å¯†ç é”™è¯¯]
2021-05-17 10:49:34.611 INFO  com.zhuanye.wiki.WikiApplication                  :55   [32m                  [0;39m Starting WikiApplication using Java 1.8.0_221 on DESKTOP-Q8KK21T with PID 14960 (E:\IntelliJ IDEA 2019.2\wiki\target\classes started by Administrator in E:\IntelliJ IDEA 2019.2\wiki)
2021-05-17 10:49:34.611 INFO  org.hibernate.validator.internal.util.Version     :21   [32m                  [0;39m HV000001: Hibernate Validator 6.1.6.Final
2021-05-17 10:49:34.619 INFO  com.zhuanye.wiki.WikiApplication                  :660  [32m                  [0;39m No active profile set, falling back to default profiles: default
2021-05-17 10:49:34.722 INFO  o.s.b.d.env.DevToolsPropertyDefaultsPostProcessor :255  [32m                  [0;39m Devtools property defaults active! Set 'spring.devtools.add-properties' to 'false' to disable
2021-05-17 10:49:34.722 INFO  o.s.b.d.env.DevToolsPropertyDefaultsPostProcessor :255  [32m                  [0;39m For additional web related logging consider setting the 'logging.level.web' property to 'DEBUG'
2021-05-17 10:49:36.014 INFO  o.s.d.r.config.RepositoryConfigurationDelegate    :250  [32m                  [0;39m Multiple Spring Data modules found, entering strict repository configuration mode!
2021-05-17 10:49:36.014 INFO  o.s.d.r.config.RepositoryConfigurationDelegate    :128  [32m                  [0;39m Bootstrapping Spring Data Redis repositories in DEFAULT mode.
2021-05-17 10:49:36.065 INFO  o.s.d.r.config.RepositoryConfigurationDelegate    :188  [32m                  [0;39m Finished Spring Data repository scanning in 23 ms. Found 0 Redis repository interfaces.
2021-05-17 10:49:37.350 INFO  o.s.boot.web.embedded.tomcat.TomcatWebServer      :108  [32m                  [0;39m Tomcat initialized with port(s): 8080 (http)
2021-05-17 10:49:37.362 INFO  org.apache.coyote.http11.Http11NioProtocol        :173  [32m                  [0;39m Initializing ProtocolHandler ["http-nio-8080"]
2021-05-17 10:49:37.362 INFO  org.apache.catalina.core.StandardService          :173  [32m                  [0;39m Starting service [Tomcat]
2021-05-17 10:49:37.362 INFO  org.apache.catalina.core.StandardEngine           :173  [32m                  [0;39m Starting Servlet engine: [Apache Tomcat/9.0.39]
2021-05-17 10:49:37.372 INFO  org.apache.catalina.core.AprLifecycleListener     :173  [32m                  [0;39m Loaded Apache Tomcat Native library [1.2.26] using APR version [1.7.0].
2021-05-17 10:49:37.372 INFO  org.apache.catalina.core.AprLifecycleListener     :173  [32m                  [0;39m APR capabilities: IPv6 [true], sendfile [true], accept filters [false], random [true].
2021-05-17 10:49:37.372 INFO  org.apache.catalina.core.AprLifecycleListener     :173  [32m                  [0;39m APR/OpenSSL configuration: useAprConnector [false], useOpenSSL [true]
2021-05-17 10:49:37.372 INFO  org.apache.catalina.core.AprLifecycleListener     :173  [32m                  [0;39m OpenSSL successfully initialized [OpenSSL 1.1.1i  8 Dec 2020]
2021-05-17 10:49:37.482 INFO  o.a.c.core.ContainerBase.[Tomcat].[localhost].[/] :173  [32m                  [0;39m Initializing Spring embedded WebApplicationContext
2021-05-17 10:49:37.482 INFO  o.s.b.w.s.c.ServletWebServerApplicationContext    :289  [32m                  [0;39m Root WebApplicationContext: initialization completed in 2760 ms
2021-05-17 10:49:39.155 INFO  o.s.scheduling.concurrent.ThreadPoolTaskExecutor  :181  [32m                  [0;39m Initializing ExecutorService 'applicationTaskExecutor'
2021-05-17 10:49:39.988 INFO  o.s.scheduling.concurrent.ThreadPoolTaskScheduler :181  [32m                  [0;39m Initializing ExecutorService 'taskScheduler'
2021-05-17 10:49:40.089 INFO  o.s.b.d.autoconfigure.OptionalLiveReloadServer    :58   [32m                  [0;39m LiveReload server is running on port 35729
2021-05-17 10:49:40.151 INFO  org.apache.coyote.http11.Http11NioProtocol        :173  [32m                  [0;39m Starting ProtocolHandler ["http-nio-8080"]
2021-05-17 10:49:40.173 INFO  o.s.boot.web.embedded.tomcat.TomcatWebServer      :220  [32m                  [0;39m Tomcat started on port(s): 8080 (http) with context path ''
2021-05-17 10:49:40.204 INFO  com.zhuanye.wiki.WikiApplication                  :61   [32m                  [0;39m Started WikiApplication in 6.666 seconds (JVM running for 8.362)
2021-05-17 10:49:40.220 INFO  com.zhuanye.wiki.WikiApplication                  :24   [32m                  [0;39m å¯åŠ¨æˆåŠŸï¼ï¼
2021-05-17 10:49:40.220 INFO  com.zhuanye.wiki.WikiApplication                  :25   [32m                  [0;39m åœ°å€: 	http://127.0.0.1:8080
2021-05-17 10:49:54.292 INFO  o.a.c.core.ContainerBase.[Tomcat].[localhost].[/] :173  [32m                  [0;39m Initializing Spring DispatcherServlet 'dispatcherServlet'
2021-05-17 10:49:54.292 INFO  org.springframework.web.servlet.DispatcherServlet :525  [32m                  [0;39m Initializing Servlet 'dispatcherServlet'
2021-05-17 10:49:54.292 INFO  org.springframework.web.servlet.DispatcherServlet :547  [32m                  [0;39m Completed initialization in 0 ms
2021-05-17 10:49:54.555 INFO  com.zhuanye.wiki.aspect.LogAspect                 :53   [32m49327508717441024 [0;39m ------------- å¼€å§‹ -------------
2021-05-17 10:49:54.555 INFO  com.zhuanye.wiki.aspect.LogAspect                 :54   [32m49327508717441024 [0;39m è¯·æ±‚åœ°å€: http://localhost:8080/user/login POST
2021-05-17 10:49:54.555 INFO  com.zhuanye.wiki.aspect.LogAspect                 :55   [32m49327508717441024 [0;39m ç±»åæ–¹æ³•: com.zhuanye.wiki.controller.UserController.login
2021-05-17 10:49:54.555 INFO  com.zhuanye.wiki.aspect.LogAspect                 :56   [32m49327508717441024 [0;39m è¿œç¨‹åœ°å€: 127.0.0.1
2021-05-17 10:49:54.640 INFO  com.zhuanye.wiki.aspect.LogAspect                 :78   [32m49327508717441024 [0;39m è¯·æ±‚å‚æ•°: [{"loginName":"test"}]
2021-05-17 10:49:54.724 INFO  com.zaxxer.hikari.HikariDataSource                :110  [32m49327508717441024 [0;39m HikariPool-1 - Starting...
2021-05-17 10:49:54.909 INFO  com.zaxxer.hikari.HikariDataSource                :123  [32m49327508717441024 [0;39m HikariPool-1 - Start completed.
2021-05-17 10:49:54.978 INFO  com.zhuanye.wiki.controller.UserController        :77   [32m49327508717441024 [0;39m ç”Ÿæˆå•ç‚¹ç™»å½•tokenï¼š49327510558740480ï¼Œå¹¶æ”¾å…¥redisä¸­
2021-05-17 10:49:55.966 INFO  com.zhuanye.wiki.aspect.LogAspect                 :90   [32m49327508717441024 [0;39m è¿”å›ç»“æœ: {"content":{"id":1,"loginName":"test","name":"ç®¡ç†å‘˜","token":"49327510558740480"},"success":true}
2021-05-17 10:49:55.966 INFO  com.zhuanye.wiki.aspect.LogAspect                 :91   [32m49327508717441024 [0;39m ------------- ç»“æŸ è€—æ—¶ï¼š1427 ms -------------
2021-05-17 10:49:57.951 INFO  com.zhuanye.wiki.aspect.LogAspect                 :53   [32m49327523028406272 [0;39m ------------- å¼€å§‹ -------------
2021-05-17 10:49:57.951 INFO  com.zhuanye.wiki.aspect.LogAspect                 :54   [32m49327523028406272 [0;39m è¯·æ±‚åœ°å€: http://localhost:8080/category/all GET
2021-05-17 10:49:57.951 INFO  com.zhuanye.wiki.aspect.LogAspect                 :55   [32m49327523028406272 [0;39m ç±»åæ–¹æ³•: com.zhuanye.wiki.controller.CategoryController.all
2021-05-17 10:49:57.966 INFO  com.zhuanye.wiki.aspect.LogAspect                 :56   [32m49327523028406272 [0;39m è¿œç¨‹åœ°å€: 127.0.0.1
2021-05-17 10:49:57.966 INFO  com.zhuanye.wiki.aspect.LogAspect                 :78   [32m49327523028406272 [0;39m è¯·æ±‚å‚æ•°: []
2021-05-17 10:49:57.985 INFO  com.zhuanye.wiki.aspect.LogAspect                 :90   [32m49327523028406272 [0;39m è¿”å›ç»“æœ: {"content":[{"id":100,"name":"å‰ç«¯å¼€å‘","parent":0,"sort":100},{"id":101,"name":"Vue","parent":100,"sort":101},{"id":102,"name":"HTML & CSS","parent":100,"sort":102},{"id":200,"name":"Java","parent":0,"sort":200},{"id":201,"name":"åŸºç¡€åº”ç”¨","parent":200,"sort":201},{"id":202,"name":"æ¡†æ¶åº”ç”¨","parent":200,"sort":202},{"id":300,"name":"Python","parent":0,"sort":300},{"id":301,"name":"åŸºç¡€åº”ç”¨","parent":300,"sort":301},{"id":302,"name":"è¿›é˜¶æ–¹å‘åº”ç”¨","parent":300,"sort":302},{"id":400,"name":"æ•°æ®åº“","parent":0,"sort":400},{"id":401,"name":"MySQL","parent":400,"sort":401},{"id":500,"name":"å…¶å®ƒ","parent":0,"sort":500},{"id":501,"name":"æœåŠ¡å™¨","parent":500,"sort":501},{"id":502,"name":"å¼€å‘å·¥å…·","parent":500,"sort":502},{"id":503,"name":"çƒ­é—¨æœåŠ¡ç«¯è¯­è¨€","parent":500,"sort":503}],"success":true}
2021-05-17 10:49:57.985 INFO  com.zhuanye.wiki.aspect.LogAspect                 :91   [32m49327523028406272 [0;39m ------------- ç»“æŸ è€—æ—¶ï¼š34 ms -------------
2021-05-17 10:49:58.135 INFO  com.zhuanye.wiki.aspect.LogAspect                 :53   [32m49327523800158208 [0;39m ------------- å¼€å§‹ -------------
2021-05-17 10:49:58.135 INFO  com.zhuanye.wiki.aspect.LogAspect                 :54   [32m49327523800158208 [0;39m è¯·æ±‚åœ°å€: http://localhost:8080/ebook/list GET
2021-05-17 10:49:58.135 INFO  com.zhuanye.wiki.aspect.LogAspect                 :55   [32m49327523800158208 [0;39m ç±»åæ–¹æ³•: com.zhuanye.wiki.controller.EbookController.list
2021-05-17 10:49:58.135 INFO  com.zhuanye.wiki.aspect.LogAspect                 :56   [32m49327523800158208 [0;39m è¿œç¨‹åœ°å€: 127.0.0.1
2021-05-17 10:49:58.135 INFO  com.zhuanye.wiki.aspect.LogAspect                 :78   [32m49327523800158208 [0;39m è¯·æ±‚å‚æ•°: [{"page":1,"size":10}]
2021-05-17 10:49:58.248 INFO  com.zhuanye.wiki.service.EbookService             :46   [32m49327523800158208 [0;39m æ€»è¡Œæ•°ï¼š15
2021-05-17 10:49:58.248 INFO  com.zhuanye.wiki.service.EbookService             :47   [32m49327523800158208 [0;39m æ€»é¡µæ•°ï¼š2
2021-05-17 10:49:58.270 INFO  com.zhuanye.wiki.aspect.LogAspect                 :90   [32m49327523800158208 [0;39m è¿”å›ç»“æœ: {"content":{"list":[{"category1Id":100,"category2Id":102,"cover":"web/public/image/cover1.png","description":"é›¶åŸºç¡€å…¥é—¨ Java å¼€å‘ï¼Œä¼ä¸šçº§åº”ç”¨å¼€å‘æœ€ä½³é¦–é€‰æ¡†æ¶","docCount":6,"id":1,"name":"Spring Boot 11","viewCount":0,"voteCount":0},{"category1Id":100,"category2Id":101,"cover":"web/public/image/cover2.png","description":"é›¶åŸºç¡€å…¥é—¨ Vue å¼€å‘ï¼Œä¼ä¸šçº§åº”ç”¨å¼€å‘æœ€ä½³é¦–é€‰æ¡†æ¶","docCount":2,"id":2,"name":"Vue å…¥é—¨æ•™ç¨‹","viewCount":12,"voteCount":2},{"category1Id":300,"category2Id":301,"cover":"web/public/image/cover2.png","description":"é›¶åŸºç¡€å…¥é—¨ Python å¼€å‘ï¼Œä¼ä¸šçº§åº”ç”¨å¼€å‘æœ€ä½³é¦–é€‰æ¡†æ¶","docCount":3,"id":3,"name":"Python å…¥é—¨æ•™ç¨‹","viewCount":11,"voteCount":5},{"category1Id":400,"category2Id":401,"cover":"web/public/image/cover2.png","description":"é›¶åŸºç¡€å…¥é—¨ Mysql å¼€å‘ï¼Œä¼ä¸šçº§åº”ç”¨å¼€å‘æœ€ä½³é¦–é€‰æ¡†æ¶","docCount":3,"id":4,"name":"Mysql å…¥é—¨æ•™ç¨‹","viewCount":44,"voteCount":1},{"category1Id":400,"category2Id":401,"cover":"image/cover2.png","description":"é›¶åŸºç¡€å…¥é—¨ Oracle å¼€å‘ï¼Œä¼ä¸šçº§åº”ç”¨å¼€å‘æœ€ä½³é¦–é€‰æ¡†æ¶","docCount":2,"id":5,"name":"Oracleå…¥é—¨æ•™ç¨‹","viewCount":33,"voteCount":2},{"category1Id":400,"category2Id":401,"cover":"image/cover1.png","description":"é›¶åŸºç¡€å…¥é—¨ SQL å¼€å‘ï¼Œä¼ä¸šçº§åº”ç”¨å¼€å‘æœ€ä½³é¦–é€‰æ¡†æ¶","docCount":4,"id":6,"name":"SqlServerå…¥é—¨æ•™ç¨‹","viewCount":35,"voteCount":2},{"category1Id":100,"category2Id":102,"cover":"image/cover1.png","description":"é›¶åŸºç¡€å…¥é—¨ JS å¼€å‘ï¼Œä¼ä¸šçº§åº”ç”¨å¼€å‘æœ€ä½³é¦–é€‰æ¡†æ¶","docCount":7,"id":7,"name":"JavaScriptå…¥é—¨æ•™ç¨‹","viewCount":47,"voteCount":4},{"category1Id":500,"category2Id":503,"cover":"image/cover1.png","description":"é›¶åŸºç¡€å…¥é—¨ Android å¼€å‘ï¼Œä¼ä¸šçº§åº”ç”¨å¼€å‘æœ€ä½³é¦–é€‰æ¡†æ¶","docCount":4,"id":8,"name":"Androidå…¥é—¨æ•™ç¨‹","viewCount":25,"voteCount":3},{"category1Id":500,"category2Id":502,"cover":"image/cover1.png","description":"é›¶åŸºç¡€å…¥é—¨ æ¶æ„ å¼€å‘ï¼Œä¼ä¸šçº§åº”ç”¨å¼€å‘æœ€ä½³é¦–é€‰æ¡†æ¶","docCount":2,"id":9,"name":"æ¶æ„å…¥é—¨æ•™ç¨‹","viewCount":33,"voteCount":5},{"category1Id":500,"category2Id":502,"cover":"image/cover1.png","description":"é›¶åŸºç¡€å…¥é—¨ ç½‘ç»œ å¼€å‘ï¼Œä¼ä¸šçº§åº”ç”¨å¼€å‘æœ€ä½³é¦–é€‰æ¡†æ¶","docCount":3,"id":10,"name":"ç½‘ç»œå…¥é—¨æ•™ç¨‹","viewCount":24,"voteCount":1}],"total":15},"success":true}
2021-05-17 10:49:58.270 INFO  com.zhuanye.wiki.aspect.LogAspect                 :91   [32m49327523800158208 [0;39m ------------- ç»“æŸ è€—æ—¶ï¼š135 ms -------------
2021-05-17 10:50:00.651 INFO  com.zhuanye.wiki.aspect.LogAspect                 :53   [32m49327534353027072 [0;39m ------------- å¼€å§‹ -------------
2021-05-17 10:50:00.651 INFO  com.zhuanye.wiki.aspect.LogAspect                 :54   [32m49327534353027072 [0;39m è¯·æ±‚åœ°å€: http://localhost:8080/ebook/list GET
2021-05-17 10:50:00.651 INFO  com.zhuanye.wiki.aspect.LogAspect                 :55   [32m49327534353027072 [0;39m ç±»åæ–¹æ³•: com.zhuanye.wiki.controller.EbookController.list
2021-05-17 10:50:00.651 INFO  com.zhuanye.wiki.aspect.LogAspect                 :56   [32m49327534353027072 [0;39m è¿œç¨‹åœ°å€: 127.0.0.1
2021-05-17 10:50:00.651 INFO  com.zhuanye.wiki.aspect.LogAspect                 :78   [32m49327534353027072 [0;39m è¯·æ±‚å‚æ•°: [{"page":2,"size":10}]
2021-05-17 10:50:00.667 INFO  com.zhuanye.wiki.service.EbookService             :46   [32m49327534353027072 [0;39m æ€»è¡Œæ•°ï¼š15
2021-05-17 10:50:00.670 INFO  com.zhuanye.wiki.service.EbookService             :47   [32m49327534353027072 [0;39m æ€»é¡µæ•°ï¼š2
2021-05-17 10:50:00.670 INFO  com.zhuanye.wiki.aspect.LogAspect                 :90   [32m49327534353027072 [0;39m è¿”å›ç»“æœ: {"content":{"list":[{"category1Id":500,"category2Id":502,"cover":"image/cover1.png","description":"ç®—æ³•","docCount":3,"id":11,"name":"ç®—æ³•","viewCount":24,"voteCount":2},{"category1Id":100,"category2Id":101,"cover":"image/cover1.png","description":"é›¶åŸºç¡€å…¥é—¨ Node å¼€å‘ï¼Œä¼ä¸šçº§åº”ç”¨å¼€å‘æœ€ä½³é¦–é€‰æ¡†æ¶","docCount":2,"id":12,"name":"Nodeå…¥é—¨æ•™ç¨‹","viewCount":43,"voteCount":4},{"category1Id":100,"category2Id":102,"cover":"image/cover2.png","description":"é›¶åŸºç¡€å…¥é—¨ Php å¼€å‘ï¼Œä¼ä¸šçº§åº”ç”¨å¼€å‘æœ€ä½³é¦–é€‰æ¡†æ¶","docCount":4,"id":13,"name":"Phpå…¥é—¨æ•™ç¨‹","viewCount":15,"voteCount":1},{"category1Id":400,"category2Id":401,"cover":"aaa","description":"aaa","docCount":1,"id":14,"name":"aaa","viewCount":1,"voteCount":1},{"category1Id":400,"category2Id":401,"cover":"bbb","description":"bbb","docCount":1,"id":15,"name":"bbb","viewCount":1,"voteCount":1}],"total":15},"success":true}
2021-05-17 10:50:00.670 INFO  com.zhuanye.wiki.aspect.LogAspect                 :91   [32m49327534353027072 [0;39m ------------- ç»“æŸ è€—æ—¶ï¼š19 ms -------------
2021-05-17 10:50:05.012 INFO  com.zhuanye.wiki.job.DocJob                       :31   [32m49327552644386816 [0;39m æ›´æ–°ç”µå­ä¹¦ä¸‹çš„æ–‡æ¡£æ•°æ®å¼€å§‹
2021-05-17 10:50:05.012 INFO  com.zhuanye.wiki.job.DocJob                       :34   [32m49327552644386816 [0;39m æ›´æ–°ç”µå­ä¹¦ä¸‹çš„æ–‡æ¡£æ•°æ®ç»“æŸï¼Œè€—æ—¶ï¼š0æ¯«ç§’
2021-05-17 10:50:07.882 INFO  com.zhuanye.wiki.aspect.LogAspect                 :53   [32m49327564682039296 [0;39m ------------- å¼€å§‹ -------------
2021-05-17 10:50:07.882 INFO  com.zhuanye.wiki.aspect.LogAspect                 :54   [32m49327564682039296 [0;39m è¯·æ±‚åœ°å€: http://localhost:8080/ebook/list GET
2021-05-17 10:50:07.882 INFO  com.zhuanye.wiki.aspect.LogAspect                 :55   [32m49327564682039296 [0;39m ç±»åæ–¹æ³•: com.zhuanye.wiki.controller.EbookController.list
2021-05-17 10:50:07.882 INFO  com.zhuanye.wiki.aspect.LogAspect                 :56   [32m49327564682039296 [0;39m è¿œç¨‹åœ°å€: 127.0.0.1
2021-05-17 10:50:07.882 INFO  com.zhuanye.wiki.aspect.LogAspect                 :78   [32m49327564682039296 [0;39m è¯·æ±‚å‚æ•°: [{"page":1,"size":10}]
2021-05-17 10:50:07.889 INFO  com.zhuanye.wiki.service.EbookService             :46   [32m49327564682039296 [0;39m æ€»è¡Œæ•°ï¼š15
2021-05-17 10:50:07.889 INFO  com.zhuanye.wiki.service.EbookService             :47   [32m49327564682039296 [0;39m æ€»é¡µæ•°ï¼š2
2021-05-17 10:50:07.904 INFO  com.zhuanye.wiki.aspect.LogAspect                 :90   [32m49327564682039296 [0;39m è¿”å›ç»“æœ: {"content":{"list":[{"category1Id":100,"category2Id":102,"cover":"web/public/image/cover1.png","description":"é›¶åŸºç¡€å…¥é—¨ Java å¼€å‘ï¼Œä¼ä¸šçº§åº”ç”¨å¼€å‘æœ€ä½³é¦–é€‰æ¡†æ¶","docCount":6,"id":1,"name":"Spring Boot 11","viewCount":0,"voteCount":0},{"category1Id":100,"category2Id":101,"cover":"web/public/image/cover2.png","description":"é›¶åŸºç¡€å…¥é—¨ Vue å¼€å‘ï¼Œä¼ä¸šçº§åº”ç”¨å¼€å‘æœ€ä½³é¦–é€‰æ¡†æ¶","docCount":2,"id":2,"name":"Vue å…¥é—¨æ•™ç¨‹","viewCount":12,"voteCount":2},{"category1Id":300,"category2Id":301,"cover":"web/public/image/cover2.png","description":"é›¶åŸºç¡€å…¥é—¨ Python å¼€å‘ï¼Œä¼ä¸šçº§åº”ç”¨å¼€å‘æœ€ä½³é¦–é€‰æ¡†æ¶","docCount":3,"id":3,"name":"Python å…¥é—¨æ•™ç¨‹","viewCount":11,"voteCount":5},{"category1Id":400,"category2Id":401,"cover":"web/public/image/cover2.png","description":"é›¶åŸºç¡€å…¥é—¨ Mysql å¼€å‘ï¼Œä¼ä¸šçº§åº”ç”¨å¼€å‘æœ€ä½³é¦–é€‰æ¡†æ¶","docCount":3,"id":4,"name":"Mysql å…¥é—¨æ•™ç¨‹","viewCount":44,"voteCount":1},{"category1Id":400,"category2Id":401,"cover":"image/cover2.png","description":"é›¶åŸºç¡€å…¥é—¨ Oracle å¼€å‘ï¼Œä¼ä¸šçº§åº”ç”¨å¼€å‘æœ€ä½³é¦–é€‰æ¡†æ¶","docCount":2,"id":5,"name":"Oracleå…¥é—¨æ•™ç¨‹","viewCount":33,"voteCount":2},{"category1Id":400,"category2Id":401,"cover":"image/cover1.png","description":"é›¶åŸºç¡€å…¥é—¨ SQL å¼€å‘ï¼Œä¼ä¸šçº§åº”ç”¨å¼€å‘æœ€ä½³é¦–é€‰æ¡†æ¶","docCount":4,"id":6,"name":"SqlServerå…¥é—¨æ•™ç¨‹","viewCount":35,"voteCount":2},{"category1Id":100,"category2Id":102,"cover":"image/cover1.png","description":"é›¶åŸºç¡€å…¥é—¨ JS å¼€å‘ï¼Œä¼ä¸šçº§åº”ç”¨å¼€å‘æœ€ä½³é¦–é€‰æ¡†æ¶","docCount":7,"id":7,"name":"JavaScriptå…¥é—¨æ•™ç¨‹","viewCount":47,"voteCount":4},{"category1Id":500,"category2Id":503,"cover":"image/cover1.png","description":"é›¶åŸºç¡€å…¥é—¨ Android å¼€å‘ï¼Œä¼ä¸šçº§åº”ç”¨å¼€å‘æœ€ä½³é¦–é€‰æ¡†æ¶","docCount":4,"id":8,"name":"Androidå…¥é—¨æ•™ç¨‹","viewCount":25,"voteCount":3},{"category1Id":500,"category2Id":502,"cover":"image/cover1.png","description":"é›¶åŸºç¡€å…¥é—¨ æ¶æ„ å¼€å‘ï¼Œä¼ä¸šçº§åº”ç”¨å¼€å‘æœ€ä½³é¦–é€‰æ¡†æ¶","docCount":2,"id":9,"name":"æ¶æ„å…¥é—¨æ•™ç¨‹","viewCount":33,"voteCount":5},{"category1Id":500,"category2Id":502,"cover":"image/cover1.png","description":"é›¶åŸºç¡€å…¥é—¨ ç½‘ç»œ å¼€å‘ï¼Œä¼ä¸šçº§åº”ç”¨å¼€å‘æœ€ä½³é¦–é€‰æ¡†æ¶","docCount":3,"id":10,"name":"ç½‘ç»œå…¥é—¨æ•™ç¨‹","viewCount":24,"voteCount":1}],"total":15},"success":true}
2021-05-17 10:50:07.904 INFO  com.zhuanye.wiki.aspect.LogAspect                 :91   [32m49327564682039296 [0;39m ------------- ç»“æŸ è€—æ—¶ï¼š22 ms -------------
2021-05-17 10:50:13.636 INFO  com.zhuanye.wiki.aspect.LogAspect                 :53   [32m49327588816064512 [0;39m ------------- å¼€å§‹ -------------
2021-05-17 10:50:13.636 INFO  com.zhuanye.wiki.aspect.LogAspect                 :54   [32m49327588816064512 [0;39m è¯·æ±‚åœ°å€: http://localhost:8080/user/list GET
2021-05-17 10:50:13.636 INFO  com.zhuanye.wiki.aspect.LogAspect                 :55   [32m49327588816064512 [0;39m ç±»åæ–¹æ³•: com.zhuanye.wiki.controller.UserController.list
2021-05-17 10:50:13.636 INFO  com.zhuanye.wiki.aspect.LogAspect                 :56   [32m49327588816064512 [0;39m è¿œç¨‹åœ°å€: 127.0.0.1
2021-05-17 10:50:13.636 INFO  com.zhuanye.wiki.aspect.LogAspect                 :78   [32m49327588816064512 [0;39m è¯·æ±‚å‚æ•°: [{"page":1,"size":10}]
2021-05-17 10:50:13.651 INFO  com.zhuanye.wiki.service.UserService              :49   [32m49327588816064512 [0;39m æ€»è¡Œæ•°ï¼š5
2021-05-17 10:50:13.651 INFO  com.zhuanye.wiki.service.UserService              :50   [32m49327588816064512 [0;39m æ€»é¡µæ•°ï¼š1
2021-05-17 10:50:13.651 INFO  com.zhuanye.wiki.aspect.LogAspect                 :90   [32m49327588816064512 [0;39m è¿”å›ç»“æœ: {"content":{"list":[{"id":1,"loginName":"test","name":"ç®¡ç†å‘˜"},{"id":2,"loginName":"cyj","name":"test"},{"id":3,"loginName":"å´”é›…é™","name":"å´”é›…é™"},{"id":4,"loginName":"aaa","name":"aaa"},{"id":5,"loginName":"bbb","name":"bbb"}],"total":5},"success":true}
2021-05-17 10:50:13.651 INFO  com.zhuanye.wiki.aspect.LogAspect                 :91   [32m49327588816064512 [0;39m ------------- ç»“æŸ è€—æ—¶ï¼š15 ms -------------
2021-05-17 10:50:18.504 INFO  com.zhuanye.wiki.aspect.LogAspect                 :53   [32m49327609233936384 [0;39m ------------- å¼€å§‹ -------------
2021-05-17 10:50:18.504 INFO  com.zhuanye.wiki.aspect.LogAspect                 :54   [32m49327609233936384 [0;39m è¯·æ±‚åœ°å€: http://localhost:8080/user/list GET
2021-05-17 10:50:18.504 INFO  com.zhuanye.wiki.aspect.LogAspect                 :55   [32m49327609233936384 [0;39m ç±»åæ–¹æ³•: com.zhuanye.wiki.controller.UserController.list
2021-05-17 10:50:18.504 INFO  com.zhuanye.wiki.aspect.LogAspect                 :56   [32m49327609233936384 [0;39m è¿œç¨‹åœ°å€: 127.0.0.1
2021-05-17 10:50:18.504 INFO  com.zhuanye.wiki.aspect.LogAspect                 :78   [32m49327609233936384 [0;39m è¯·æ±‚å‚æ•°: [{"loginName":"å´”é›…é™","page":1,"size":10}]
2021-05-17 10:50:18.517 INFO  com.zhuanye.wiki.service.UserService              :49   [32m49327609233936384 [0;39m æ€»è¡Œæ•°ï¼š1
2021-05-17 10:50:18.517 INFO  com.zhuanye.wiki.service.UserService              :50   [32m49327609233936384 [0;39m æ€»é¡µæ•°ï¼š1
2021-05-17 10:50:18.517 INFO  com.zhuanye.wiki.aspect.LogAspect                 :90   [32m49327609233936384 [0;39m è¿”å›ç»“æœ: {"content":{"list":[{"id":3,"loginName":"å´”é›…é™","name":"å´”é›…é™"}],"total":1},"success":true}
2021-05-17 10:50:18.517 INFO  com.zhuanye.wiki.aspect.LogAspect                 :91   [32m49327609233936384 [0;39m ------------- ç»“æŸ è€—æ—¶ï¼š13 ms -------------
2021-05-17 10:50:26.092 INFO  com.zhuanye.wiki.aspect.LogAspect                 :53   [32m49327641060315136 [0;39m ------------- å¼€å§‹ -------------
2021-05-17 10:50:26.092 INFO  com.zhuanye.wiki.aspect.LogAspect                 :54   [32m49327641060315136 [0;39m è¯·æ±‚åœ°å€: http://localhost:8080/user/logout/49327510558740480 GET
2021-05-17 10:50:26.092 INFO  com.zhuanye.wiki.aspect.LogAspect                 :55   [32m49327641060315136 [0;39m ç±»åæ–¹æ³•: com.zhuanye.wiki.controller.UserController.logout
2021-05-17 10:50:26.092 INFO  com.zhuanye.wiki.aspect.LogAspect                 :56   [32m49327641060315136 [0;39m è¿œç¨‹åœ°å€: 127.0.0.1
2021-05-17 10:50:26.092 INFO  com.zhuanye.wiki.aspect.LogAspect                 :78   [32m49327641060315136 [0;39m è¯·æ±‚å‚æ•°: ["49327510558740480"]
2021-05-17 10:50:26.130 INFO  com.zhuanye.wiki.controller.UserController        :89   [32m49327641060315136 [0;39m ä»redisä¸­åˆ é™¤token: 49327510558740480
2021-05-17 10:50:26.130 INFO  com.zhuanye.wiki.aspect.LogAspect                 :90   [32m49327641060315136 [0;39m è¿”å›ç»“æœ: {"success":true}
2021-05-17 10:50:26.130 INFO  com.zhuanye.wiki.aspect.LogAspect                 :91   [32m49327641060315136 [0;39m ------------- ç»“æŸ è€—æ—¶ï¼š38 ms -------------
