2021-05-16 17:32:03.411 INFO  org.hibernate.validator.internal.util.Version     :21   [32m                  [0;39m HV000001: Hibernate Validator 6.1.6.Final
2021-05-16 17:32:03.442 INFO  com.zhuanye.wiki.WikiApplication                  :55   [32m                  [0;39m Starting WikiApplication using Java 1.8.0_221 on DESKTOP-Q8KK21T with PID 13456 (E:\IntelliJ IDEA 2019.2\wiki\target\classes started by Administrator in E:\IntelliJ IDEA 2019.2\wiki)
2021-05-16 17:32:03.442 INFO  com.zhuanye.wiki.WikiApplication                  :660  [32m                  [0;39m No active profile set, falling back to default profiles: default
2021-05-16 17:32:03.677 INFO  o.s.b.d.env.DevToolsPropertyDefaultsPostProcessor :255  [32m                  [0;39m Devtools property defaults active! Set 'spring.devtools.add-properties' to 'false' to disable
2021-05-16 17:32:03.677 INFO  o.s.b.d.env.DevToolsPropertyDefaultsPostProcessor :255  [32m                  [0;39m For additional web related logging consider setting the 'logging.level.web' property to 'DEBUG'
2021-05-16 17:32:06.457 INFO  o.s.d.r.config.RepositoryConfigurationDelegate    :250  [32m                  [0;39m Multiple Spring Data modules found, entering strict repository configuration mode!
2021-05-16 17:32:06.473 INFO  o.s.d.r.config.RepositoryConfigurationDelegate    :128  [32m                  [0;39m Bootstrapping Spring Data Redis repositories in DEFAULT mode.
2021-05-16 17:32:06.551 INFO  o.s.d.r.config.RepositoryConfigurationDelegate    :188  [32m                  [0;39m Finished Spring Data repository scanning in 22 ms. Found 0 Redis repository interfaces.
2021-05-16 17:32:09.488 INFO  o.s.boot.web.embedded.tomcat.TomcatWebServer      :108  [32m                  [0;39m Tomcat initialized with port(s): 8080 (http)
2021-05-16 17:32:09.535 INFO  org.apache.coyote.http11.Http11NioProtocol        :173  [32m                  [0;39m Initializing ProtocolHandler ["http-nio-8080"]
2021-05-16 17:32:09.535 INFO  org.apache.catalina.core.StandardService          :173  [32m                  [0;39m Starting service [Tomcat]
2021-05-16 17:32:09.535 INFO  org.apache.catalina.core.StandardEngine           :173  [32m                  [0;39m Starting Servlet engine: [Apache Tomcat/9.0.39]
2021-05-16 17:32:09.550 INFO  org.apache.catalina.core.AprLifecycleListener     :173  [32m                  [0;39m Loaded Apache Tomcat Native library [1.2.26] using APR version [1.7.0].
2021-05-16 17:32:09.550 INFO  org.apache.catalina.core.AprLifecycleListener     :173  [32m                  [0;39m APR capabilities: IPv6 [true], sendfile [true], accept filters [false], random [true].
2021-05-16 17:32:09.550 INFO  org.apache.catalina.core.AprLifecycleListener     :173  [32m                  [0;39m APR/OpenSSL configuration: useAprConnector [false], useOpenSSL [true]
2021-05-16 17:32:09.644 INFO  org.apache.catalina.core.AprLifecycleListener     :173  [32m                  [0;39m OpenSSL successfully initialized [OpenSSL 1.1.1i  8 Dec 2020]
2021-05-16 17:32:09.785 INFO  o.a.c.core.ContainerBase.[Tomcat].[localhost].[/] :173  [32m                  [0;39m Initializing Spring embedded WebApplicationContext
2021-05-16 17:32:09.785 INFO  o.s.b.w.s.c.ServletWebServerApplicationContext    :289  [32m                  [0;39m Root WebApplicationContext: initialization completed in 6108 ms
2021-05-16 17:32:12.565 INFO  o.s.scheduling.concurrent.ThreadPoolTaskExecutor  :181  [32m                  [0;39m Initializing ExecutorService 'applicationTaskExecutor'
2021-05-16 17:32:13.690 INFO  o.s.scheduling.concurrent.ThreadPoolTaskScheduler :181  [32m                  [0;39m Initializing ExecutorService 'taskScheduler'
2021-05-16 17:32:13.784 INFO  o.s.b.d.autoconfigure.OptionalLiveReloadServer    :58   [32m                  [0;39m LiveReload server is running on port 35729
2021-05-16 17:32:13.831 INFO  org.apache.coyote.http11.Http11NioProtocol        :173  [32m                  [0;39m Starting ProtocolHandler ["http-nio-8080"]
2021-05-16 17:32:13.878 INFO  o.s.boot.web.embedded.tomcat.TomcatWebServer      :220  [32m                  [0;39m Tomcat started on port(s): 8080 (http) with context path ''
2021-05-16 17:32:13.924 INFO  com.zhuanye.wiki.WikiApplication                  :61   [32m                  [0;39m Started WikiApplication in 12.314 seconds (JVM running for 17.191)
2021-05-16 17:32:13.940 INFO  com.zhuanye.wiki.WikiApplication                  :24   [32m                  [0;39m å¯åŠ¨æˆåŠŸï¼ï¼
2021-05-16 17:32:13.940 INFO  com.zhuanye.wiki.WikiApplication                  :25   [32m                  [0;39m åœ°å€: 	http://127.0.0.1:8080
2021-05-16 17:32:35.013 INFO  com.zhuanye.wiki.job.DocJob                       :31   [32m49066457224581120 [0;39m æ›´æ–°ç”µå­ä¹¦ä¸‹çš„æ–‡æ¡£æ•°æ®å¼€å§‹
2021-05-16 17:32:35.154 INFO  com.zaxxer.hikari.HikariDataSource                :110  [32m49066457224581120 [0;39m HikariPool-1 - Starting...
2021-05-16 17:32:36.825 INFO  com.zaxxer.hikari.HikariDataSource                :123  [32m49066457224581120 [0;39m HikariPool-1 - Start completed.
2021-05-16 17:32:37.466 INFO  com.zhuanye.wiki.job.DocJob                       :34   [32m49066457224581120 [0;39m æ›´æ–°ç”µå­ä¹¦ä¸‹çš„æ–‡æ¡£æ•°æ®ç»“æŸï¼Œè€—æ—¶ï¼š2453æ¯«ç§’
2021-05-16 17:33:05.022 INFO  com.zhuanye.wiki.job.DocJob                       :31   [32m49066583091449856 [0;39m æ›´æ–°ç”µå­ä¹¦ä¸‹çš„æ–‡æ¡£æ•°æ®å¼€å§‹
2021-05-16 17:33:05.022 INFO  com.zhuanye.wiki.job.DocJob                       :34   [32m49066583091449856 [0;39m æ›´æ–°ç”µå­ä¹¦ä¸‹çš„æ–‡æ¡£æ•°æ®ç»“æŸï¼Œè€—æ—¶ï¼š0æ¯«ç§’
2021-05-16 17:33:35.015 INFO  com.zhuanye.wiki.job.DocJob                       :31   [32m49066708891209728 [0;39m æ›´æ–°ç”µå­ä¹¦ä¸‹çš„æ–‡æ¡£æ•°æ®å¼€å§‹
2021-05-16 17:33:35.015 INFO  com.zhuanye.wiki.job.DocJob                       :34   [32m49066708891209728 [0;39m æ›´æ–°ç”µå­ä¹¦ä¸‹çš„æ–‡æ¡£æ•°æ®ç»“æŸï¼Œè€—æ—¶ï¼š0æ¯«ç§’
2021-05-16 17:34:05.010 INFO  com.zhuanye.wiki.job.DocJob                       :31   [32m49066834699358208 [0;39m æ›´æ–°ç”µå­ä¹¦ä¸‹çš„æ–‡æ¡£æ•°æ®å¼€å§‹
2021-05-16 17:34:05.010 INFO  com.zhuanye.wiki.job.DocJob                       :34   [32m49066834699358208 [0;39m æ›´æ–°ç”µå­ä¹¦ä¸‹çš„æ–‡æ¡£æ•°æ®ç»“æŸï¼Œè€—æ—¶ï¼š0æ¯«ç§’
2021-05-16 17:34:35.018 INFO  com.zhuanye.wiki.job.DocJob                       :31   [32m49066960562032640 [0;39m æ›´æ–°ç”µå­ä¹¦ä¸‹çš„æ–‡æ¡£æ•°æ®å¼€å§‹
2021-05-16 17:34:35.018 INFO  com.zhuanye.wiki.job.DocJob                       :34   [32m49066960562032640 [0;39m æ›´æ–°ç”µå­ä¹¦ä¸‹çš„æ–‡æ¡£æ•°æ®ç»“æŸï¼Œè€—æ—¶ï¼š0æ¯«ç§’
2021-05-16 17:35:05.011 INFO  com.zhuanye.wiki.job.DocJob                       :31   [32m49067086361792512 [0;39m æ›´æ–°ç”µå­ä¹¦ä¸‹çš„æ–‡æ¡£æ•°æ®å¼€å§‹
2021-05-16 17:35:05.011 INFO  com.zhuanye.wiki.job.DocJob                       :34   [32m49067086361792512 [0;39m æ›´æ–°ç”µå­ä¹¦ä¸‹çš„æ–‡æ¡£æ•°æ®ç»“æŸï¼Œè€—æ—¶ï¼š0æ¯«ç§’
2021-05-16 17:35:19.933 INFO  o.a.c.core.ContainerBase.[Tomcat].[localhost].[/] :173  [32m                  [0;39m Initializing Spring DispatcherServlet 'dispatcherServlet'
2021-05-16 17:35:19.933 INFO  org.springframework.web.servlet.DispatcherServlet :525  [32m                  [0;39m Initializing Servlet 'dispatcherServlet'
2021-05-16 17:35:19.933 INFO  org.springframework.web.servlet.DispatcherServlet :547  [32m                  [0;39m Completed initialization in 0 ms
2021-05-16 17:35:20.404 INFO  com.zhuanye.wiki.aspect.LogAspect                 :53   [32m49067150924713984 [0;39m ------------- å¼€å§‹ -------------
2021-05-16 17:35:20.404 INFO  com.zhuanye.wiki.aspect.LogAspect                 :54   [32m49067150924713984 [0;39m è¯·æ±‚åœ°å€: http://localhost:8080/user/login POST
2021-05-16 17:35:20.404 INFO  com.zhuanye.wiki.aspect.LogAspect                 :55   [32m49067150924713984 [0;39m ç±»åæ–¹æ³•: com.zhuanye.wiki.controller.UserController.login
2021-05-16 17:35:20.404 INFO  com.zhuanye.wiki.aspect.LogAspect                 :56   [32m49067150924713984 [0;39m è¿œç¨‹åœ°å€: 127.0.0.1
2021-05-16 17:35:20.566 INFO  com.zhuanye.wiki.aspect.LogAspect                 :78   [32m49067150924713984 [0;39m è¯·æ±‚å‚æ•°: [{"loginName":"test"}]
2021-05-16 17:35:20.851 INFO  com.zhuanye.wiki.controller.UserController        :77   [32m49067150924713984 [0;39m ç”Ÿæˆå•ç‚¹ç™»å½•tokenï¼š49067152799567872ï¼Œå¹¶æ”¾å…¥redisä¸­
2021-05-16 17:35:22.329 INFO  com.zhuanye.wiki.aspect.LogAspect                 :90   [32m49067150924713984 [0;39m è¿”å›ç»“æœ: {"content":{"id":1,"loginName":"test","name":"ç®¡ç†å‘˜","token":"49067152799567872"},"success":true}
2021-05-16 17:35:22.329 INFO  com.zhuanye.wiki.aspect.LogAspect                 :91   [32m49067150924713984 [0;39m ------------- ç»“æŸ è€—æ—¶ï¼š1925 ms -------------
2021-05-16 17:35:29.010 INFO  com.zhuanye.wiki.aspect.LogAspect                 :53   [32m49067187020894208 [0;39m ------------- å¼€å§‹ -------------
2021-05-16 17:35:29.026 INFO  com.zhuanye.wiki.aspect.LogAspect                 :54   [32m49067187020894208 [0;39m è¯·æ±‚åœ°å€: http://localhost:8080/category/all GET
2021-05-16 17:35:29.026 INFO  com.zhuanye.wiki.aspect.LogAspect                 :55   [32m49067187020894208 [0;39m ç±»åæ–¹æ³•: com.zhuanye.wiki.controller.CategoryController.all
2021-05-16 17:35:29.026 INFO  com.zhuanye.wiki.aspect.LogAspect                 :56   [32m49067187020894208 [0;39m è¿œç¨‹åœ°å€: 127.0.0.1
2021-05-16 17:35:29.026 INFO  com.zhuanye.wiki.aspect.LogAspect                 :78   [32m49067187020894208 [0;39m è¯·æ±‚å‚æ•°: []
2021-05-16 17:35:29.195 INFO  com.zhuanye.wiki.aspect.LogAspect                 :90   [32m49067187020894208 [0;39m è¿”å›ç»“æœ: {"content":[{"id":100,"name":"å‰ç«¯å¼€å‘","parent":0,"sort":100},{"id":101,"name":"Vue","parent":100,"sort":101},{"id":102,"name":"HTML & CSS","parent":100,"sort":102},{"id":200,"name":"Java","parent":0,"sort":200},{"id":201,"name":"åŸºç¡€åº”ç”¨","parent":200,"sort":201},{"id":202,"name":"æ¡†æ¶åº”ç”¨","parent":200,"sort":202},{"id":300,"name":"Python","parent":0,"sort":300},{"id":301,"name":"åŸºç¡€åº”ç”¨","parent":300,"sort":301},{"id":302,"name":"è¿›é˜¶æ–¹å‘åº”ç”¨","parent":300,"sort":302},{"id":400,"name":"æ•°æ®åº“","parent":0,"sort":400},{"id":401,"name":"MySQL","parent":400,"sort":401},{"id":500,"name":"å…¶å®ƒ","parent":0,"sort":500},{"id":501,"name":"æœåŠ¡å™¨","parent":500,"sort":501},{"id":502,"name":"å¼€å‘å·¥å…·","parent":500,"sort":502},{"id":503,"name":"çƒ­é—¨æœåŠ¡ç«¯è¯­è¨€","parent":500,"sort":503}],"success":true}
2021-05-16 17:35:29.195 INFO  com.zhuanye.wiki.aspect.LogAspect                 :91   [32m49067187020894208 [0;39m ------------- ç»“æŸ è€—æ—¶ï¼š185 ms -------------
2021-05-16 17:35:31.100 INFO  com.zhuanye.wiki.aspect.LogAspect                 :53   [32m49067195786989568 [0;39m ------------- å¼€å§‹ -------------
2021-05-16 17:35:31.100 INFO  com.zhuanye.wiki.aspect.LogAspect                 :54   [32m49067195786989568 [0;39m è¯·æ±‚åœ°å€: http://localhost:8080/category/all GET
2021-05-16 17:35:31.100 INFO  com.zhuanye.wiki.aspect.LogAspect                 :55   [32m49067195786989568 [0;39m ç±»åæ–¹æ³•: com.zhuanye.wiki.controller.CategoryController.all
2021-05-16 17:35:31.116 INFO  com.zhuanye.wiki.aspect.LogAspect                 :56   [32m49067195786989568 [0;39m è¿œç¨‹åœ°å€: 127.0.0.1
2021-05-16 17:35:31.116 INFO  com.zhuanye.wiki.aspect.LogAspect                 :78   [32m49067195786989568 [0;39m è¯·æ±‚å‚æ•°: []
2021-05-16 17:35:31.116 INFO  com.zhuanye.wiki.aspect.LogAspect                 :90   [32m49067195786989568 [0;39m è¿”å›ç»“æœ: {"content":[{"id":100,"name":"å‰ç«¯å¼€å‘","parent":0,"sort":100},{"id":101,"name":"Vue","parent":100,"sort":101},{"id":102,"name":"HTML & CSS","parent":100,"sort":102},{"id":200,"name":"Java","parent":0,"sort":200},{"id":201,"name":"åŸºç¡€åº”ç”¨","parent":200,"sort":201},{"id":202,"name":"æ¡†æ¶åº”ç”¨","parent":200,"sort":202},{"id":300,"name":"Python","parent":0,"sort":300},{"id":301,"name":"åŸºç¡€åº”ç”¨","parent":300,"sort":301},{"id":302,"name":"è¿›é˜¶æ–¹å‘åº”ç”¨","parent":300,"sort":302},{"id":400,"name":"æ•°æ®åº“","parent":0,"sort":400},{"id":401,"name":"MySQL","parent":400,"sort":401},{"id":500,"name":"å…¶å®ƒ","parent":0,"sort":500},{"id":501,"name":"æœåŠ¡å™¨","parent":500,"sort":501},{"id":502,"name":"å¼€å‘å·¥å…·","parent":500,"sort":502},{"id":503,"name":"çƒ­é—¨æœåŠ¡ç«¯è¯­è¨€","parent":500,"sort":503}],"success":true}
2021-05-16 17:35:31.116 INFO  com.zhuanye.wiki.aspect.LogAspect                 :91   [32m49067195786989568 [0;39m ------------- ç»“æŸ è€—æ—¶ï¼š16 ms -------------
2021-05-16 17:35:34.664 INFO  com.zhuanye.wiki.aspect.LogAspect                 :53   [32m49067210735489024 [0;39m ------------- å¼€å§‹ -------------
2021-05-16 17:35:34.664 INFO  com.zhuanye.wiki.aspect.LogAspect                 :54   [32m49067210735489024 [0;39m è¯·æ±‚åœ°å€: http://localhost:8080/category/all GET
2021-05-16 17:35:34.664 INFO  com.zhuanye.wiki.aspect.LogAspect                 :55   [32m49067210735489024 [0;39m ç±»åæ–¹æ³•: com.zhuanye.wiki.controller.CategoryController.all
2021-05-16 17:35:34.664 INFO  com.zhuanye.wiki.aspect.LogAspect                 :56   [32m49067210735489024 [0;39m è¿œç¨‹åœ°å€: 127.0.0.1
2021-05-16 17:35:34.664 INFO  com.zhuanye.wiki.aspect.LogAspect                 :78   [32m49067210735489024 [0;39m è¯·æ±‚å‚æ•°: []
2021-05-16 17:35:34.679 INFO  com.zhuanye.wiki.aspect.LogAspect                 :90   [32m49067210735489024 [0;39m è¿”å›ç»“æœ: {"content":[{"id":100,"name":"å‰ç«¯å¼€å‘","parent":0,"sort":100},{"id":101,"name":"Vue","parent":100,"sort":101},{"id":102,"name":"HTML & CSS","parent":100,"sort":102},{"id":200,"name":"Java","parent":0,"sort":200},{"id":201,"name":"åŸºç¡€åº”ç”¨","parent":200,"sort":201},{"id":202,"name":"æ¡†æ¶åº”ç”¨","parent":200,"sort":202},{"id":300,"name":"Python","parent":0,"sort":300},{"id":301,"name":"åŸºç¡€åº”ç”¨","parent":300,"sort":301},{"id":302,"name":"è¿›é˜¶æ–¹å‘åº”ç”¨","parent":300,"sort":302},{"id":400,"name":"æ•°æ®åº“","parent":0,"sort":400},{"id":401,"name":"MySQL","parent":400,"sort":401},{"id":500,"name":"å…¶å®ƒ","parent":0,"sort":500},{"id":501,"name":"æœåŠ¡å™¨","parent":500,"sort":501},{"id":502,"name":"å¼€å‘å·¥å…·","parent":500,"sort":502},{"id":503,"name":"çƒ­é—¨æœåŠ¡ç«¯è¯­è¨€","parent":500,"sort":503}],"success":true}
2021-05-16 17:35:34.679 INFO  com.zhuanye.wiki.aspect.LogAspect                 :91   [32m49067210735489024 [0;39m ------------- ç»“æŸ è€—æ—¶ï¼š15 ms -------------
2021-05-16 17:35:34.844 INFO  com.zhuanye.wiki.aspect.LogAspect                 :53   [32m49067211490463744 [0;39m ------------- å¼€å§‹ -------------
2021-05-16 17:35:34.844 INFO  com.zhuanye.wiki.aspect.LogAspect                 :54   [32m49067211490463744 [0;39m è¯·æ±‚åœ°å€: http://localhost:8080/ebook/list GET
2021-05-16 17:35:34.844 INFO  com.zhuanye.wiki.aspect.LogAspect                 :55   [32m49067211490463744 [0;39m ç±»åæ–¹æ³•: com.zhuanye.wiki.controller.EbookController.list
2021-05-16 17:35:34.844 INFO  com.zhuanye.wiki.aspect.LogAspect                 :56   [32m49067211490463744 [0;39m è¿œç¨‹åœ°å€: 127.0.0.1
2021-05-16 17:35:34.844 INFO  com.zhuanye.wiki.aspect.LogAspect                 :78   [32m49067211490463744 [0;39m è¯·æ±‚å‚æ•°: [{"page":1,"size":10}]
2021-05-16 17:35:35.013 INFO  com.zhuanye.wiki.job.DocJob                       :31   [32m49067212199301120 [0;39m æ›´æ–°ç”µå­ä¹¦ä¸‹çš„æ–‡æ¡£æ•°æ®å¼€å§‹
2021-05-16 17:35:35.013 INFO  com.zhuanye.wiki.job.DocJob                       :34   [32m49067212199301120 [0;39m æ›´æ–°ç”µå­ä¹¦ä¸‹çš„æ–‡æ¡£æ•°æ®ç»“æŸï¼Œè€—æ—¶ï¼š0æ¯«ç§’
2021-05-16 17:35:35.060 INFO  com.zhuanye.wiki.service.EbookService             :46   [32m49067211490463744 [0;39m æ€»è¡Œæ•°ï¼š15
2021-05-16 17:35:35.065 INFO  com.zhuanye.wiki.service.EbookService             :47   [32m49067211490463744 [0;39m æ€»é¡µæ•°ï¼š2
2021-05-16 17:35:35.080 INFO  com.zhuanye.wiki.aspect.LogAspect                 :90   [32m49067211490463744 [0;39m è¿”å›ç»“æœ: {"content":{"list":[{"category1Id":100,"category2Id":102,"cover":"web/public/image/cover1.png","description":"é›¶åŸºç¡€å…¥é—¨ Java å¼€å‘ï¼Œä¼ä¸šçº§åº”ç”¨å¼€å‘æœ€ä½³é¦–é€‰æ¡†æ¶","docCount":6,"id":1,"name":"Spring Boot 11","viewCount":0,"voteCount":0},{"category1Id":100,"category2Id":101,"cover":"web/public/image/cover2.png","description":"é›¶åŸºç¡€å…¥é—¨ Vue å¼€å‘ï¼Œä¼ä¸šçº§åº”ç”¨å¼€å‘æœ€ä½³é¦–é€‰æ¡†æ¶","docCount":2,"id":2,"name":"Vue å…¥é—¨æ•™ç¨‹","viewCount":12,"voteCount":2},{"category1Id":300,"category2Id":301,"cover":"web/public/image/cover2.png","description":"é›¶åŸºç¡€å…¥é—¨ Python å¼€å‘ï¼Œä¼ä¸šçº§åº”ç”¨å¼€å‘æœ€ä½³é¦–é€‰æ¡†æ¶","docCount":3,"id":3,"name":"Python å…¥é—¨æ•™ç¨‹","viewCount":11,"voteCount":5},{"category1Id":400,"category2Id":401,"cover":"web/public/image/cover2.png","description":"é›¶åŸºç¡€å…¥é—¨ Mysql å¼€å‘ï¼Œä¼ä¸šçº§åº”ç”¨å¼€å‘æœ€ä½³é¦–é€‰æ¡†æ¶","docCount":3,"id":4,"name":"Mysql å…¥é—¨æ•™ç¨‹","viewCount":44,"voteCount":1},{"category1Id":400,"category2Id":401,"cover":"image/cover2.png","description":"é›¶åŸºç¡€å…¥é—¨ Oracle å¼€å‘ï¼Œä¼ä¸šçº§åº”ç”¨å¼€å‘æœ€ä½³é¦–é€‰æ¡†æ¶","docCount":2,"id":5,"name":"Oracleå…¥é—¨æ•™ç¨‹","viewCount":33,"voteCount":2},{"category1Id":400,"category2Id":401,"cover":"image/cover1.png","description":"é›¶åŸºç¡€å…¥é—¨ SQL å¼€å‘ï¼Œä¼ä¸šçº§åº”ç”¨å¼€å‘æœ€ä½³é¦–é€‰æ¡†æ¶","docCount":4,"id":6,"name":"SqlServerå…¥é—¨æ•™ç¨‹","viewCount":35,"voteCount":2},{"category1Id":100,"category2Id":102,"cover":"image/cover1.png","description":"é›¶åŸºç¡€å…¥é—¨ JS å¼€å‘ï¼Œä¼ä¸šçº§åº”ç”¨å¼€å‘æœ€ä½³é¦–é€‰æ¡†æ¶","docCount":7,"id":7,"name":"JavaScriptå…¥é—¨æ•™ç¨‹","viewCount":47,"voteCount":4},{"category1Id":500,"category2Id":503,"cover":"image/cover1.png","description":"é›¶åŸºç¡€å…¥é—¨ Android å¼€å‘ï¼Œä¼ä¸šçº§åº”ç”¨å¼€å‘æœ€ä½³é¦–é€‰æ¡†æ¶","docCount":4,"id":8,"name":"Androidå…¥é—¨æ•™ç¨‹","viewCount":25,"voteCount":3},{"category1Id":500,"category2Id":502,"cover":"image/cover1.png","description":"é›¶åŸºç¡€å…¥é—¨ æ¶æ„ å¼€å‘ï¼Œä¼ä¸šçº§åº”ç”¨å¼€å‘æœ€ä½³é¦–é€‰æ¡†æ¶","docCount":2,"id":9,"name":"æ¶æ„å…¥é—¨æ•™ç¨‹","viewCount":33,"voteCount":5},{"category1Id":500,"category2Id":501,"cover":"image/cover1.png","description":"é›¶åŸºç¡€å…¥é—¨ ç½‘ç»œ å¼€å‘ï¼Œä¼ä¸šçº§åº”ç”¨å¼€å‘æœ€ä½³é¦–é€‰æ¡†æ¶","docCount":3,"id":10,"name":"ç½‘ç»œå…¥é—¨æ•™ç¨‹","viewCount":24,"voteCount":1}],"total":15},"success":true}
2021-05-16 17:35:35.080 INFO  com.zhuanye.wiki.aspect.LogAspect                 :91   [32m49067211490463744 [0;39m ------------- ç»“æŸ è€—æ—¶ï¼š236 ms -------------
2021-05-16 17:35:46.926 INFO  com.zhuanye.wiki.aspect.LogAspect                 :53   [32m49067262166044672 [0;39m ------------- å¼€å§‹ -------------
2021-05-16 17:35:46.926 INFO  com.zhuanye.wiki.aspect.LogAspect                 :54   [32m49067262166044672 [0;39m è¯·æ±‚åœ°å€: http://localhost:8080/ebook/save POST
2021-05-16 17:35:46.926 INFO  com.zhuanye.wiki.aspect.LogAspect                 :55   [32m49067262166044672 [0;39m ç±»åæ–¹æ³•: com.zhuanye.wiki.controller.EbookController.save
2021-05-16 17:35:46.926 INFO  com.zhuanye.wiki.aspect.LogAspect                 :56   [32m49067262166044672 [0;39m è¿œç¨‹åœ°å€: 127.0.0.1
2021-05-16 17:35:46.926 INFO  com.zhuanye.wiki.aspect.LogAspect                 :78   [32m49067262166044672 [0;39m è¯·æ±‚å‚æ•°: [{"category1Id":500,"category2Id":502,"cover":"image/cover1.png","description":"é›¶åŸºç¡€å…¥é—¨ ç½‘ç»œ å¼€å‘ï¼Œä¼ä¸šçº§åº”ç”¨å¼€å‘æœ€ä½³é¦–é€‰æ¡†æ¶","docCount":3,"id":10,"name":"ç½‘ç»œå…¥é—¨æ•™ç¨‹","viewCount":24,"voteCount":1}]
2021-05-16 17:35:47.290 INFO  com.zhuanye.wiki.aspect.LogAspect                 :90   [32m49067262166044672 [0;39m è¿”å›ç»“æœ: {"success":true}
2021-05-16 17:35:47.290 INFO  com.zhuanye.wiki.aspect.LogAspect                 :91   [32m49067262166044672 [0;39m ------------- ç»“æŸ è€—æ—¶ï¼š364 ms -------------
2021-05-16 17:35:47.397 INFO  com.zhuanye.wiki.aspect.LogAspect                 :53   [32m49067264141561856 [0;39m ------------- å¼€å§‹ -------------
2021-05-16 17:35:47.412 INFO  com.zhuanye.wiki.aspect.LogAspect                 :54   [32m49067264141561856 [0;39m è¯·æ±‚åœ°å€: http://localhost:8080/ebook/list GET
2021-05-16 17:35:47.412 INFO  com.zhuanye.wiki.aspect.LogAspect                 :55   [32m49067264141561856 [0;39m ç±»åæ–¹æ³•: com.zhuanye.wiki.controller.EbookController.list
2021-05-16 17:35:47.412 INFO  com.zhuanye.wiki.aspect.LogAspect                 :56   [32m49067264141561856 [0;39m è¿œç¨‹åœ°å€: 127.0.0.1
2021-05-16 17:35:47.412 INFO  com.zhuanye.wiki.aspect.LogAspect                 :78   [32m49067264141561856 [0;39m è¯·æ±‚å‚æ•°: [{"page":1,"size":10}]
2021-05-16 17:35:47.428 INFO  com.zhuanye.wiki.service.EbookService             :46   [32m49067264141561856 [0;39m æ€»è¡Œæ•°ï¼š15
2021-05-16 17:35:47.428 INFO  com.zhuanye.wiki.service.EbookService             :47   [32m49067264141561856 [0;39m æ€»é¡µæ•°ï¼š2
2021-05-16 17:35:47.428 INFO  com.zhuanye.wiki.aspect.LogAspect                 :90   [32m49067264141561856 [0;39m è¿”å›ç»“æœ: {"content":{"list":[{"category1Id":100,"category2Id":102,"cover":"web/public/image/cover1.png","description":"é›¶åŸºç¡€å…¥é—¨ Java å¼€å‘ï¼Œä¼ä¸šçº§åº”ç”¨å¼€å‘æœ€ä½³é¦–é€‰æ¡†æ¶","docCount":6,"id":1,"name":"Spring Boot 11","viewCount":0,"voteCount":0},{"category1Id":100,"category2Id":101,"cover":"web/public/image/cover2.png","description":"é›¶åŸºç¡€å…¥é—¨ Vue å¼€å‘ï¼Œä¼ä¸šçº§åº”ç”¨å¼€å‘æœ€ä½³é¦–é€‰æ¡†æ¶","docCount":2,"id":2,"name":"Vue å…¥é—¨æ•™ç¨‹","viewCount":12,"voteCount":2},{"category1Id":300,"category2Id":301,"cover":"web/public/image/cover2.png","description":"é›¶åŸºç¡€å…¥é—¨ Python å¼€å‘ï¼Œä¼ä¸šçº§åº”ç”¨å¼€å‘æœ€ä½³é¦–é€‰æ¡†æ¶","docCount":3,"id":3,"name":"Python å…¥é—¨æ•™ç¨‹","viewCount":11,"voteCount":5},{"category1Id":400,"category2Id":401,"cover":"web/public/image/cover2.png","description":"é›¶åŸºç¡€å…¥é—¨ Mysql å¼€å‘ï¼Œä¼ä¸šçº§åº”ç”¨å¼€å‘æœ€ä½³é¦–é€‰æ¡†æ¶","docCount":3,"id":4,"name":"Mysql å…¥é—¨æ•™ç¨‹","viewCount":44,"voteCount":1},{"category1Id":400,"category2Id":401,"cover":"image/cover2.png","description":"é›¶åŸºç¡€å…¥é—¨ Oracle å¼€å‘ï¼Œä¼ä¸šçº§åº”ç”¨å¼€å‘æœ€ä½³é¦–é€‰æ¡†æ¶","docCount":2,"id":5,"name":"Oracleå…¥é—¨æ•™ç¨‹","viewCount":33,"voteCount":2},{"category1Id":400,"category2Id":401,"cover":"image/cover1.png","description":"é›¶åŸºç¡€å…¥é—¨ SQL å¼€å‘ï¼Œä¼ä¸šçº§åº”ç”¨å¼€å‘æœ€ä½³é¦–é€‰æ¡†æ¶","docCount":4,"id":6,"name":"SqlServerå…¥é—¨æ•™ç¨‹","viewCount":35,"voteCount":2},{"category1Id":100,"category2Id":102,"cover":"image/cover1.png","description":"é›¶åŸºç¡€å…¥é—¨ JS å¼€å‘ï¼Œä¼ä¸šçº§åº”ç”¨å¼€å‘æœ€ä½³é¦–é€‰æ¡†æ¶","docCount":7,"id":7,"name":"JavaScriptå…¥é—¨æ•™ç¨‹","viewCount":47,"voteCount":4},{"category1Id":500,"category2Id":503,"cover":"image/cover1.png","description":"é›¶åŸºç¡€å…¥é—¨ Android å¼€å‘ï¼Œä¼ä¸šçº§åº”ç”¨å¼€å‘æœ€ä½³é¦–é€‰æ¡†æ¶","docCount":4,"id":8,"name":"Androidå…¥é—¨æ•™ç¨‹","viewCount":25,"voteCount":3},{"category1Id":500,"category2Id":502,"cover":"image/cover1.png","description":"é›¶åŸºç¡€å…¥é—¨ æ¶æ„ å¼€å‘ï¼Œä¼ä¸šçº§åº”ç”¨å¼€å‘æœ€ä½³é¦–é€‰æ¡†æ¶","docCount":2,"id":9,"name":"æ¶æ„å…¥é—¨æ•™ç¨‹","viewCount":33,"voteCount":5},{"category1Id":500,"category2Id":502,"cover":"image/cover1.png","description":"é›¶åŸºç¡€å…¥é—¨ ç½‘ç»œ å¼€å‘ï¼Œä¼ä¸šçº§åº”ç”¨å¼€å‘æœ€ä½³é¦–é€‰æ¡†æ¶","docCount":3,"id":10,"name":"ç½‘ç»œå…¥é—¨æ•™ç¨‹","viewCount":24,"voteCount":1}],"total":15},"success":true}
2021-05-16 17:35:47.428 INFO  com.zhuanye.wiki.aspect.LogAspect                 :91   [32m49067264141561856 [0;39m ------------- ç»“æŸ è€—æ—¶ï¼š31 ms -------------
2021-05-16 17:35:49.919 INFO  com.zhuanye.wiki.aspect.LogAspect                 :53   [32m49067274719596544 [0;39m ------------- å¼€å§‹ -------------
2021-05-16 17:35:49.934 INFO  com.zhuanye.wiki.aspect.LogAspect                 :54   [32m49067274719596544 [0;39m è¯·æ±‚åœ°å€: http://localhost:8080/ebook/list GET
2021-05-16 17:35:49.934 INFO  com.zhuanye.wiki.aspect.LogAspect                 :55   [32m49067274719596544 [0;39m ç±»åæ–¹æ³•: com.zhuanye.wiki.controller.EbookController.list
2021-05-16 17:35:49.934 INFO  com.zhuanye.wiki.aspect.LogAspect                 :56   [32m49067274719596544 [0;39m è¿œç¨‹åœ°å€: 127.0.0.1
2021-05-16 17:35:49.934 INFO  com.zhuanye.wiki.aspect.LogAspect                 :78   [32m49067274719596544 [0;39m è¯·æ±‚å‚æ•°: [{"page":2,"size":10}]
2021-05-16 17:35:49.934 INFO  com.zhuanye.wiki.service.EbookService             :46   [32m49067274719596544 [0;39m æ€»è¡Œæ•°ï¼š15
2021-05-16 17:35:49.934 INFO  com.zhuanye.wiki.service.EbookService             :47   [32m49067274719596544 [0;39m æ€»é¡µæ•°ï¼š2
2021-05-16 17:35:49.934 INFO  com.zhuanye.wiki.aspect.LogAspect                 :90   [32m49067274719596544 [0;39m è¿”å›ç»“æœ: {"content":{"list":[{"category1Id":500,"category2Id":502,"cover":"image/cover1.png","description":"ç®—æ³•","docCount":3,"id":11,"name":"ç®—æ³•","viewCount":24,"voteCount":2},{"category1Id":100,"category2Id":101,"cover":"image/cover1.png","description":"é›¶åŸºç¡€å…¥é—¨ Node å¼€å‘ï¼Œä¼ä¸šçº§åº”ç”¨å¼€å‘æœ€ä½³é¦–é€‰æ¡†æ¶","docCount":2,"id":12,"name":"Nodeå…¥é—¨æ•™ç¨‹","viewCount":43,"voteCount":4},{"category1Id":100,"category2Id":102,"cover":"image/cover2.png","description":"é›¶åŸºç¡€å…¥é—¨ Php å¼€å‘ï¼Œä¼ä¸šçº§åº”ç”¨å¼€å‘æœ€ä½³é¦–é€‰æ¡†æ¶","docCount":4,"id":13,"name":"Phpå…¥é—¨æ•™ç¨‹","viewCount":15,"voteCount":1},{"category1Id":400,"category2Id":401,"cover":"aaa","description":"aaa","docCount":1,"id":14,"name":"aaa","viewCount":1,"voteCount":1},{"category1Id":400,"category2Id":401,"cover":"bbb","description":"bbb","docCount":1,"id":15,"name":"bbb","viewCount":1,"voteCount":1}],"total":15},"success":true}
2021-05-16 17:35:49.934 INFO  com.zhuanye.wiki.aspect.LogAspect                 :91   [32m49067274719596544 [0;39m ------------- ç»“æŸ è€—æ—¶ï¼š15 ms -------------
2021-05-16 17:35:53.214 INFO  com.zhuanye.wiki.aspect.LogAspect                 :53   [32m49067288539828224 [0;39m ------------- å¼€å§‹ -------------
2021-05-16 17:35:53.214 INFO  com.zhuanye.wiki.aspect.LogAspect                 :54   [32m49067288539828224 [0;39m è¯·æ±‚åœ°å€: http://localhost:8080/user/list GET
2021-05-16 17:35:53.214 INFO  com.zhuanye.wiki.aspect.LogAspect                 :55   [32m49067288539828224 [0;39m ç±»åæ–¹æ³•: com.zhuanye.wiki.controller.UserController.list
2021-05-16 17:35:53.214 INFO  com.zhuanye.wiki.aspect.LogAspect                 :56   [32m49067288539828224 [0;39m è¿œç¨‹åœ°å€: 127.0.0.1
2021-05-16 17:35:53.214 INFO  com.zhuanye.wiki.aspect.LogAspect                 :78   [32m49067288539828224 [0;39m è¯·æ±‚å‚æ•°: [{"page":1,"size":10}]
2021-05-16 17:35:53.214 INFO  com.zhuanye.wiki.service.UserService              :49   [32m49067288539828224 [0;39m æ€»è¡Œæ•°ï¼š5
2021-05-16 17:35:53.214 INFO  com.zhuanye.wiki.service.UserService              :50   [32m49067288539828224 [0;39m æ€»é¡µæ•°ï¼š1
2021-05-16 17:35:53.230 INFO  com.zhuanye.wiki.aspect.LogAspect                 :90   [32m49067288539828224 [0;39m è¿”å›ç»“æœ: {"content":{"list":[{"id":1,"loginName":"test","name":"ç®¡ç†å‘˜"},{"id":2,"loginName":"cyj","name":"test"},{"id":3,"loginName":"å´”é›…é™","name":"å´”é›…é™"},{"id":4,"loginName":"aaa","name":"aaa"},{"id":5,"loginName":"bbb","name":"bbb"}],"total":5},"success":true}
2021-05-16 17:35:53.230 INFO  com.zhuanye.wiki.aspect.LogAspect                 :91   [32m49067288539828224 [0;39m ------------- ç»“æŸ è€—æ—¶ï¼š16 ms -------------
2021-05-16 17:36:02.006 INFO  com.zhuanye.wiki.aspect.LogAspect                 :53   [32m49067325416148992 [0;39m ------------- å¼€å§‹ -------------
2021-05-16 17:36:02.006 INFO  com.zhuanye.wiki.aspect.LogAspect                 :54   [32m49067325416148992 [0;39m è¯·æ±‚åœ°å€: http://localhost:8080/category/all GET
2021-05-16 17:36:02.006 INFO  com.zhuanye.wiki.aspect.LogAspect                 :55   [32m49067325416148992 [0;39m ç±»åæ–¹æ³•: com.zhuanye.wiki.controller.CategoryController.all
2021-05-16 17:36:02.006 INFO  com.zhuanye.wiki.aspect.LogAspect                 :56   [32m49067325416148992 [0;39m è¿œç¨‹åœ°å€: 127.0.0.1
2021-05-16 17:36:02.006 INFO  com.zhuanye.wiki.aspect.LogAspect                 :78   [32m49067325416148992 [0;39m è¯·æ±‚å‚æ•°: []
2021-05-16 17:36:02.006 INFO  com.zhuanye.wiki.aspect.LogAspect                 :90   [32m49067325416148992 [0;39m è¿”å›ç»“æœ: {"content":[{"id":100,"name":"å‰ç«¯å¼€å‘","parent":0,"sort":100},{"id":101,"name":"Vue","parent":100,"sort":101},{"id":102,"name":"HTML & CSS","parent":100,"sort":102},{"id":200,"name":"Java","parent":0,"sort":200},{"id":201,"name":"åŸºç¡€åº”ç”¨","parent":200,"sort":201},{"id":202,"name":"æ¡†æ¶åº”ç”¨","parent":200,"sort":202},{"id":300,"name":"Python","parent":0,"sort":300},{"id":301,"name":"åŸºç¡€åº”ç”¨","parent":300,"sort":301},{"id":302,"name":"è¿›é˜¶æ–¹å‘åº”ç”¨","parent":300,"sort":302},{"id":400,"name":"æ•°æ®åº“","parent":0,"sort":400},{"id":401,"name":"MySQL","parent":400,"sort":401},{"id":500,"name":"å…¶å®ƒ","parent":0,"sort":500},{"id":501,"name":"æœåŠ¡å™¨","parent":500,"sort":501},{"id":502,"name":"å¼€å‘å·¥å…·","parent":500,"sort":502},{"id":503,"name":"çƒ­é—¨æœåŠ¡ç«¯è¯­è¨€","parent":500,"sort":503}],"success":true}
2021-05-16 17:36:02.006 INFO  com.zhuanye.wiki.aspect.LogAspect                 :91   [32m49067325416148992 [0;39m ------------- ç»“æŸ è€—æ—¶ï¼š0 ms -------------
2021-05-16 17:36:02.084 INFO  com.zhuanye.wiki.aspect.LogAspect                 :53   [32m49067325743304704 [0;39m ------------- å¼€å§‹ -------------
2021-05-16 17:36:02.084 INFO  com.zhuanye.wiki.aspect.LogAspect                 :54   [32m49067325743304704 [0;39m è¯·æ±‚åœ°å€: http://localhost:8080/ebook/list GET
2021-05-16 17:36:02.084 INFO  com.zhuanye.wiki.aspect.LogAspect                 :55   [32m49067325743304704 [0;39m ç±»åæ–¹æ³•: com.zhuanye.wiki.controller.EbookController.list
2021-05-16 17:36:02.084 INFO  com.zhuanye.wiki.aspect.LogAspect                 :56   [32m49067325743304704 [0;39m è¿œç¨‹åœ°å€: 127.0.0.1
2021-05-16 17:36:02.084 INFO  com.zhuanye.wiki.aspect.LogAspect                 :78   [32m49067325743304704 [0;39m è¯·æ±‚å‚æ•°: [{"page":1,"size":10}]
2021-05-16 17:36:02.106 INFO  com.zhuanye.wiki.service.EbookService             :46   [32m49067325743304704 [0;39m æ€»è¡Œæ•°ï¼š15
2021-05-16 17:36:02.106 INFO  com.zhuanye.wiki.service.EbookService             :47   [32m49067325743304704 [0;39m æ€»é¡µæ•°ï¼š2
2021-05-16 17:36:02.106 INFO  com.zhuanye.wiki.aspect.LogAspect                 :90   [32m49067325743304704 [0;39m è¿”å›ç»“æœ: {"content":{"list":[{"category1Id":100,"category2Id":102,"cover":"web/public/image/cover1.png","description":"é›¶åŸºç¡€å…¥é—¨ Java å¼€å‘ï¼Œä¼ä¸šçº§åº”ç”¨å¼€å‘æœ€ä½³é¦–é€‰æ¡†æ¶","docCount":6,"id":1,"name":"Spring Boot 11","viewCount":0,"voteCount":0},{"category1Id":100,"category2Id":101,"cover":"web/public/image/cover2.png","description":"é›¶åŸºç¡€å…¥é—¨ Vue å¼€å‘ï¼Œä¼ä¸šçº§åº”ç”¨å¼€å‘æœ€ä½³é¦–é€‰æ¡†æ¶","docCount":2,"id":2,"name":"Vue å…¥é—¨æ•™ç¨‹","viewCount":12,"voteCount":2},{"category1Id":300,"category2Id":301,"cover":"web/public/image/cover2.png","description":"é›¶åŸºç¡€å…¥é—¨ Python å¼€å‘ï¼Œä¼ä¸šçº§åº”ç”¨å¼€å‘æœ€ä½³é¦–é€‰æ¡†æ¶","docCount":3,"id":3,"name":"Python å…¥é—¨æ•™ç¨‹","viewCount":11,"voteCount":5},{"category1Id":400,"category2Id":401,"cover":"web/public/image/cover2.png","description":"é›¶åŸºç¡€å…¥é—¨ Mysql å¼€å‘ï¼Œä¼ä¸šçº§åº”ç”¨å¼€å‘æœ€ä½³é¦–é€‰æ¡†æ¶","docCount":3,"id":4,"name":"Mysql å…¥é—¨æ•™ç¨‹","viewCount":44,"voteCount":1},{"category1Id":400,"category2Id":401,"cover":"image/cover2.png","description":"é›¶åŸºç¡€å…¥é—¨ Oracle å¼€å‘ï¼Œä¼ä¸šçº§åº”ç”¨å¼€å‘æœ€ä½³é¦–é€‰æ¡†æ¶","docCount":2,"id":5,"name":"Oracleå…¥é—¨æ•™ç¨‹","viewCount":33,"voteCount":2},{"category1Id":400,"category2Id":401,"cover":"image/cover1.png","description":"é›¶åŸºç¡€å…¥é—¨ SQL å¼€å‘ï¼Œä¼ä¸šçº§åº”ç”¨å¼€å‘æœ€ä½³é¦–é€‰æ¡†æ¶","docCount":4,"id":6,"name":"SqlServerå…¥é—¨æ•™ç¨‹","viewCount":35,"voteCount":2},{"category1Id":100,"category2Id":102,"cover":"image/cover1.png","description":"é›¶åŸºç¡€å…¥é—¨ JS å¼€å‘ï¼Œä¼ä¸šçº§åº”ç”¨å¼€å‘æœ€ä½³é¦–é€‰æ¡†æ¶","docCount":7,"id":7,"name":"JavaScriptå…¥é—¨æ•™ç¨‹","viewCount":47,"voteCount":4},{"category1Id":500,"category2Id":503,"cover":"image/cover1.png","description":"é›¶åŸºç¡€å…¥é—¨ Android å¼€å‘ï¼Œä¼ä¸šçº§åº”ç”¨å¼€å‘æœ€ä½³é¦–é€‰æ¡†æ¶","docCount":4,"id":8,"name":"Androidå…¥é—¨æ•™ç¨‹","viewCount":25,"voteCount":3},{"category1Id":500,"category2Id":502,"cover":"image/cover1.png","description":"é›¶åŸºç¡€å…¥é—¨ æ¶æ„ å¼€å‘ï¼Œä¼ä¸šçº§åº”ç”¨å¼€å‘æœ€ä½³é¦–é€‰æ¡†æ¶","docCount":2,"id":9,"name":"æ¶æ„å…¥é—¨æ•™ç¨‹","viewCount":33,"voteCount":5},{"category1Id":500,"category2Id":502,"cover":"image/cover1.png","description":"é›¶åŸºç¡€å…¥é—¨ ç½‘ç»œ å¼€å‘ï¼Œä¼ä¸šçº§åº”ç”¨å¼€å‘æœ€ä½³é¦–é€‰æ¡†æ¶","docCount":3,"id":10,"name":"ç½‘ç»œå…¥é—¨æ•™ç¨‹","viewCount":24,"voteCount":1}],"total":15},"success":true}
2021-05-16 17:36:02.106 INFO  com.zhuanye.wiki.aspect.LogAspect                 :91   [32m49067325743304704 [0;39m ------------- ç»“æŸ è€—æ—¶ï¼š22 ms -------------
2021-05-16 17:36:05.015 INFO  com.zhuanye.wiki.job.DocJob                       :31   [32m49067338036809728 [0;39m æ›´æ–°ç”µå­ä¹¦ä¸‹çš„æ–‡æ¡£æ•°æ®å¼€å§‹
2021-05-16 17:36:05.015 INFO  com.zhuanye.wiki.job.DocJob                       :34   [32m49067338036809728 [0;39m æ›´æ–°ç”µå­ä¹¦ä¸‹çš„æ–‡æ¡£æ•°æ®ç»“æŸï¼Œè€—æ—¶ï¼š0æ¯«ç§’
2021-05-16 17:36:05.717 INFO  com.zhuanye.wiki.aspect.LogAspect                 :53   [32m49067340981211136 [0;39m ------------- å¼€å§‹ -------------
2021-05-16 17:36:05.717 INFO  com.zhuanye.wiki.aspect.LogAspect                 :54   [32m49067340981211136 [0;39m è¯·æ±‚åœ°å€: http://localhost:8080/ebook/list GET
2021-05-16 17:36:05.717 INFO  com.zhuanye.wiki.aspect.LogAspect                 :55   [32m49067340981211136 [0;39m ç±»åæ–¹æ³•: com.zhuanye.wiki.controller.EbookController.list
2021-05-16 17:36:05.717 INFO  com.zhuanye.wiki.aspect.LogAspect                 :56   [32m49067340981211136 [0;39m è¿œç¨‹åœ°å€: 127.0.0.1
2021-05-16 17:36:05.717 INFO  com.zhuanye.wiki.aspect.LogAspect                 :78   [32m49067340981211136 [0;39m è¯·æ±‚å‚æ•°: [{"page":2,"size":10}]
2021-05-16 17:36:05.733 INFO  com.zhuanye.wiki.service.EbookService             :46   [32m49067340981211136 [0;39m æ€»è¡Œæ•°ï¼š15
2021-05-16 17:36:05.733 INFO  com.zhuanye.wiki.service.EbookService             :47   [32m49067340981211136 [0;39m æ€»é¡µæ•°ï¼š2
2021-05-16 17:36:05.739 INFO  com.zhuanye.wiki.aspect.LogAspect                 :90   [32m49067340981211136 [0;39m è¿”å›ç»“æœ: {"content":{"list":[{"category1Id":500,"category2Id":502,"cover":"image/cover1.png","description":"ç®—æ³•","docCount":3,"id":11,"name":"ç®—æ³•","viewCount":24,"voteCount":2},{"category1Id":100,"category2Id":101,"cover":"image/cover1.png","description":"é›¶åŸºç¡€å…¥é—¨ Node å¼€å‘ï¼Œä¼ä¸šçº§åº”ç”¨å¼€å‘æœ€ä½³é¦–é€‰æ¡†æ¶","docCount":2,"id":12,"name":"Nodeå…¥é—¨æ•™ç¨‹","viewCount":43,"voteCount":4},{"category1Id":100,"category2Id":102,"cover":"image/cover2.png","description":"é›¶åŸºç¡€å…¥é—¨ Php å¼€å‘ï¼Œä¼ä¸šçº§åº”ç”¨å¼€å‘æœ€ä½³é¦–é€‰æ¡†æ¶","docCount":4,"id":13,"name":"Phpå…¥é—¨æ•™ç¨‹","viewCount":15,"voteCount":1},{"category1Id":400,"category2Id":401,"cover":"aaa","description":"aaa","docCount":1,"id":14,"name":"aaa","viewCount":1,"voteCount":1},{"category1Id":400,"category2Id":401,"cover":"bbb","description":"bbb","docCount":1,"id":15,"name":"bbb","viewCount":1,"voteCount":1}],"total":15},"success":true}
2021-05-16 17:36:05.739 INFO  com.zhuanye.wiki.aspect.LogAspect                 :91   [32m49067340981211136 [0;39m ------------- ç»“æŸ è€—æ—¶ï¼š22 ms -------------
2021-05-16 17:36:11.077 INFO  com.zhuanye.wiki.aspect.LogAspect                 :53   [32m49067363462680576 [0;39m ------------- å¼€å§‹ -------------
2021-05-16 17:36:11.077 INFO  com.zhuanye.wiki.aspect.LogAspect                 :54   [32m49067363462680576 [0;39m è¯·æ±‚åœ°å€: http://localhost:8080/user/logout/49067152799567872 GET
2021-05-16 17:36:11.077 INFO  com.zhuanye.wiki.aspect.LogAspect                 :55   [32m49067363462680576 [0;39m ç±»åæ–¹æ³•: com.zhuanye.wiki.controller.UserController.logout
2021-05-16 17:36:11.077 INFO  com.zhuanye.wiki.aspect.LogAspect                 :56   [32m49067363462680576 [0;39m è¿œç¨‹åœ°å€: 127.0.0.1
2021-05-16 17:36:11.077 INFO  com.zhuanye.wiki.aspect.LogAspect                 :78   [32m49067363462680576 [0;39m è¯·æ±‚å‚æ•°: ["49067152799567872"]
2021-05-16 17:36:11.115 INFO  com.zhuanye.wiki.controller.UserController        :89   [32m49067363462680576 [0;39m ä»redisä¸­åˆ é™¤token: 49067152799567872
2021-05-16 17:36:11.115 INFO  com.zhuanye.wiki.aspect.LogAspect                 :90   [32m49067363462680576 [0;39m è¿”å›ç»“æœ: {"success":true}
2021-05-16 17:36:11.115 INFO  com.zhuanye.wiki.aspect.LogAspect                 :91   [32m49067363462680576 [0;39m ------------- ç»“æŸ è€—æ—¶ï¼š38 ms -------------
